<?xml version="1.0" ?>
<coverage version="7.13.0" timestamp="1765539153458" lines-valid="1759" lines-covered="658" line-rate="0.3741" branches-valid="594" branches-covered="96" branch-rate="0.1616" complexity="0">
	<!-- Generated by coverage.py: https://coverage.readthedocs.io/en/7.13.0 -->
	<!-- Based on https://raw.githubusercontent.com/cobertura/web/master/htdocs/xml/coverage-04.dtd -->
	<sources>
		<source>/Users/mriki/workspace/research/english_skill3/app</source>
	</sources>
	<packages>
		<package name="." line-rate="0.5493" branch-rate="0.4167" complexity="0">
			<classes>
				<class name="__init__.py" filename="__init__.py" complexity="0" line-rate="1" branch-rate="1">
					<methods/>
					<lines/>
				</class>
				<class name="config.py" filename="config.py" complexity="0" line-rate="0.7273" branch-rate="0.3333">
					<methods/>
					<lines>
						<line number="4" hits="1"/>
						<line number="5" hits="1"/>
						<line number="6" hits="1"/>
						<line number="9" hits="1"/>
						<line number="16" hits="1" branch="true" condition-coverage="50% (1/2)" missing-branches="18"/>
						<line number="18" hits="0"/>
						<line number="19" hits="0" branch="true" condition-coverage="0% (0/2)" missing-branches="20,29"/>
						<line number="20" hits="0"/>
						<line number="21" hits="0"/>
						<line number="22" hits="0"/>
						<line number="23" hits="1" branch="true" condition-coverage="50% (1/2)" missing-branches="29"/>
						<line number="25" hits="1"/>
						<line number="26" hits="1"/>
						<line number="27" hits="1"/>
						<line number="29" hits="0"/>
						<line number="32" hits="1"/>
						<line number="39" hits="1"/>
						<line number="42" hits="1"/>
						<line number="49" hits="1"/>
						<line number="53" hits="1"/>
						<line number="56" hits="1"/>
						<line number="59" hits="1"/>
					</lines>
				</class>
				<class name="main.py" filename="main.py" complexity="0" line-rate="0.4694" branch-rate="0.5">
					<methods/>
					<lines>
						<line number="5" hits="1"/>
						<line number="6" hits="1"/>
						<line number="7" hits="1"/>
						<line number="8" hits="1"/>
						<line number="9" hits="1"/>
						<line number="10" hits="1"/>
						<line number="11" hits="1"/>
						<line number="12" hits="1"/>
						<line number="13" hits="1"/>
						<line number="16" hits="1"/>
						<line number="19" hits="1" branch="true" condition-coverage="50% (1/2)" missing-branches="21"/>
						<line number="21" hits="0"/>
						<line number="24" hits="1"/>
						<line number="26" hits="1"/>
						<line number="27" hits="1" branch="true" condition-coverage="50% (1/2)" missing-branches="31"/>
						<line number="28" hits="1"/>
						<line number="31" hits="0"/>
						<line number="34" hits="1"/>
						<line number="37" hits="1"/>
						<line number="44" hits="0"/>
						<line number="45" hits="0"/>
						<line number="47" hits="0"/>
						<line number="48" hits="0"/>
						<line number="49" hits="0"/>
						<line number="50" hits="0"/>
						<line number="51" hits="0"/>
						<line number="54" hits="0"/>
						<line number="57" hits="0"/>
						<line number="59" hits="1"/>
						<line number="61" hits="0"/>
						<line number="62" hits="0"/>
						<line number="66" hits="0"/>
						<line number="68" hits="0"/>
						<line number="70" hits="1"/>
						<line number="72" hits="0"/>
						<line number="73" hits="0"/>
						<line number="74" hits="0"/>
						<line number="76" hits="1"/>
						<line number="78" hits="0"/>
						<line number="79" hits="0"/>
						<line number="80" hits="0"/>
						<line number="82" hits="1"/>
						<line number="84" hits="0"/>
						<line number="85" hits="0"/>
						<line number="86" hits="0"/>
						<line number="89" hits="1"/>
						<line number="91" hits="0"/>
						<line number="94" hits="1" branch="true" condition-coverage="50% (1/2)" missing-branches="95"/>
						<line number="95" hits="0"/>
					</lines>
				</class>
			</classes>
		</package>
		<package name="gui" line-rate="0.2836" branch-rate="0.1086" complexity="0">
			<classes>
				<class name="__init__.py" filename="gui/__init__.py" complexity="0" line-rate="1" branch-rate="1">
					<methods/>
					<lines/>
				</class>
				<class name="conversation_window.py" filename="gui/conversation_window.py" complexity="0" line-rate="0.3118" branch-rate="0.1277">
					<methods/>
					<lines>
						<line number="4" hits="1"/>
						<line number="5" hits="1"/>
						<line number="6" hits="1"/>
						<line number="7" hits="1"/>
						<line number="8" hits="1"/>
						<line number="9" hits="1"/>
						<line number="10" hits="1"/>
						<line number="11" hits="1"/>
						<line number="12" hits="1"/>
						<line number="13" hits="1"/>
						<line number="14" hits="1"/>
						<line number="15" hits="1"/>
						<line number="16" hits="1"/>
						<line number="17" hits="1"/>
						<line number="18" hits="1"/>
						<line number="19" hits="1"/>
						<line number="20" hits="1"/>
						<line number="21" hits="1"/>
						<line number="22" hits="1"/>
						<line number="25" hits="1"/>
						<line number="28" hits="1"/>
						<line number="35" hits="1"/>
						<line number="38" hits="1"/>
						<line number="39" hits="1"/>
						<line number="40" hits="1"/>
						<line number="41" hits="1"/>
						<line number="42" hits="1"/>
						<line number="45" hits="1"/>
						<line number="54" hits="1"/>
						<line number="55" hits="1"/>
						<line number="58" hits="1"/>
						<line number="59" hits="1"/>
						<line number="60" hits="1"/>
						<line number="61" hits="1"/>
						<line number="62" hits="1"/>
						<line number="65" hits="1"/>
						<line number="66" hits="1"/>
						<line number="67" hits="1"/>
						<line number="68" hits="1"/>
						<line number="69" hits="1"/>
						<line number="72" hits="1"/>
						<line number="73" hits="1"/>
						<line number="74" hits="1"/>
						<line number="75" hits="1"/>
						<line number="78" hits="1"/>
						<line number="81" hits="1"/>
						<line number="82" hits="1"/>
						<line number="85" hits="1"/>
						<line number="88" hits="1"/>
						<line number="89" hits="1"/>
						<line number="90" hits="1"/>
						<line number="91" hits="1"/>
						<line number="92" hits="1"/>
						<line number="93" hits="1"/>
						<line number="94" hits="1"/>
						<line number="95" hits="1"/>
						<line number="96" hits="1"/>
						<line number="99" hits="1"/>
						<line number="100" hits="1"/>
						<line number="101" hits="1"/>
						<line number="102" hits="1"/>
						<line number="103" hits="1"/>
						<line number="104" hits="1"/>
						<line number="105" hits="1"/>
						<line number="106" hits="1"/>
						<line number="107" hits="1"/>
						<line number="108" hits="1"/>
						<line number="109" hits="1"/>
						<line number="110" hits="1"/>
						<line number="111" hits="1"/>
						<line number="114" hits="1"/>
						<line number="115" hits="1"/>
						<line number="116" hits="1"/>
						<line number="119" hits="1"/>
						<line number="120" hits="1"/>
						<line number="121" hits="1"/>
						<line number="130" hits="1"/>
						<line number="131" hits="1"/>
						<line number="132" hits="1"/>
						<line number="133" hits="1"/>
						<line number="136" hits="1"/>
						<line number="137" hits="1"/>
						<line number="138" hits="1"/>
						<line number="139" hits="1"/>
						<line number="141" hits="1"/>
						<line number="144" hits="1"/>
						<line number="145" hits="1"/>
						<line number="148" hits="1"/>
						<line number="157" hits="1"/>
						<line number="160" hits="1"/>
						<line number="161" hits="1"/>
						<line number="168" hits="1"/>
						<line number="177" hits="1"/>
						<line number="184" hits="1"/>
						<line number="193" hits="1"/>
						<line number="204" hits="1"/>
						<line number="216" hits="1"/>
						<line number="224" hits="1"/>
						<line number="247" hits="1"/>
						<line number="264" hits="1"/>
						<line number="292" hits="1"/>
						<line number="294" hits="1"/>
						<line number="296" hits="1"/>
						<line number="298" hits="1" branch="true" condition-coverage="100% (2/2)"/>
						<line number="299" hits="1"/>
						<line number="300" hits="1"/>
						<line number="305" hits="1"/>
						<line number="306" hits="1"/>
						<line number="307" hits="1"/>
						<line number="309" hits="1"/>
						<line number="318" hits="1" branch="true" condition-coverage="50% (1/2)" missing-branches="321"/>
						<line number="319" hits="1"/>
						<line number="321" hits="1"/>
						<line number="323" hits="1"/>
						<line number="326" hits="1"/>
						<line number="328" hits="1"/>
						<line number="330" hits="1"/>
						<line number="332" hits="1"/>
						<line number="334" hits="1" branch="true" condition-coverage="100% (2/2)"/>
						<line number="335" hits="1" branch="true" condition-coverage="100% (2/2)"/>
						<line number="336" hits="1"/>
						<line number="337" hits="1"/>
						<line number="340" hits="1" branch="true" condition-coverage="50% (1/2)" missing-branches="341"/>
						<line number="341" hits="0"/>
						<line number="342" hits="1" branch="true" condition-coverage="50% (1/2)" missing-branches="345"/>
						<line number="343" hits="1"/>
						<line number="345" hits="0"/>
						<line number="347" hits="1"/>
						<line number="349" hits="1"/>
						<line number="352" hits="1"/>
						<line number="354" hits="1"/>
						<line number="356" hits="0"/>
						<line number="358" hits="0" branch="true" condition-coverage="0% (0/2)" missing-branches="359,366"/>
						<line number="359" hits="0"/>
						<line number="360" hits="0"/>
						<line number="362" hits="0"/>
						<line number="364" hits="0"/>
						<line number="366" hits="0"/>
						<line number="369" hits="0"/>
						<line number="370" hits="0" branch="true" condition-coverage="0% (0/2)" missing-branches="371,374"/>
						<line number="371" hits="0"/>
						<line number="374" hits="0"/>
						<line number="375" hits="0" branch="true" condition-coverage="0% (0/2)" missing-branches="exit,376"/>
						<line number="376" hits="0"/>
						<line number="378" hits="0"/>
						<line number="379" hits="0"/>
						<line number="380" hits="0"/>
						<line number="382" hits="1"/>
						<line number="384" hits="0" branch="true" condition-coverage="0% (0/2)" missing-branches="385,387"/>
						<line number="385" hits="0"/>
						<line number="387" hits="0"/>
						<line number="389" hits="0"/>
						<line number="390" hits="0"/>
						<line number="392" hits="0" branch="true" condition-coverage="0% (0/2)" missing-branches="394,400"/>
						<line number="394" hits="0" branch="true" condition-coverage="0% (0/2)" missing-branches="396,403"/>
						<line number="396" hits="0"/>
						<line number="397" hits="0"/>
						<line number="400" hits="0"/>
						<line number="403" hits="0"/>
						<line number="406" hits="0" branch="true" condition-coverage="0% (0/2)" missing-branches="exit,407"/>
						<line number="407" hits="0"/>
						<line number="408" hits="0"/>
						<line number="409" hits="0"/>
						<line number="410" hits="0"/>
						<line number="412" hits="1"/>
						<line number="414" hits="0" branch="true" condition-coverage="0% (0/2)" missing-branches="415,417"/>
						<line number="415" hits="0"/>
						<line number="417" hits="0"/>
						<line number="419" hits="0"/>
						<line number="420" hits="0"/>
						<line number="421" hits="0" branch="true" condition-coverage="0% (0/2)" missing-branches="422,424"/>
						<line number="422" hits="0"/>
						<line number="423" hits="0"/>
						<line number="424" hits="0" branch="true" condition-coverage="0% (0/2)" missing-branches="425,426"/>
						<line number="425" hits="0"/>
						<line number="426" hits="0"/>
						<line number="429" hits="0"/>
						<line number="431" hits="0" branch="true" condition-coverage="0% (0/2)" missing-branches="433,453"/>
						<line number="433" hits="0"/>
						<line number="434" hits="0"/>
						<line number="436" hits="0" branch="true" condition-coverage="0% (0/2)" missing-branches="437,439"/>
						<line number="437" hits="0"/>
						<line number="438" hits="0"/>
						<line number="439" hits="0"/>
						<line number="442" hits="0"/>
						<line number="445" hits="0" branch="true" condition-coverage="0% (0/2)" missing-branches="446,449"/>
						<line number="446" hits="0"/>
						<line number="447" hits="0"/>
						<line number="449" hits="0" branch="true" condition-coverage="0% (0/2)" missing-branches="450,457"/>
						<line number="450" hits="0"/>
						<line number="451" hits="0"/>
						<line number="453" hits="0" branch="true" condition-coverage="0% (0/2)" missing-branches="454,457"/>
						<line number="454" hits="0"/>
						<line number="455" hits="0"/>
						<line number="457" hits="0" branch="true" condition-coverage="0% (0/2)" missing-branches="458,459"/>
						<line number="458" hits="0"/>
						<line number="459" hits="0"/>
						<line number="461" hits="0"/>
						<line number="462" hits="0"/>
						<line number="463" hits="0" branch="true" condition-coverage="0% (0/2)" missing-branches="464,466"/>
						<line number="464" hits="0"/>
						<line number="465" hits="0"/>
						<line number="466" hits="0" branch="true" condition-coverage="0% (0/2)" missing-branches="467,468"/>
						<line number="467" hits="0"/>
						<line number="468" hits="0"/>
						<line number="470" hits="0"/>
						<line number="473" hits="0"/>
						<line number="474" hits="0"/>
						<line number="476" hits="1"/>
						<line number="478" hits="0" branch="true" condition-coverage="0% (0/2)" missing-branches="479,481"/>
						<line number="479" hits="0"/>
						<line number="481" hits="0"/>
						<line number="483" hits="0"/>
						<line number="484" hits="0" branch="true" condition-coverage="0% (0/2)" missing-branches="exit,486"/>
						<line number="486" hits="0"/>
						<line number="487" hits="0"/>
						<line number="488" hits="0" branch="true" condition-coverage="0% (0/2)" missing-branches="489,494"/>
						<line number="489" hits="0"/>
						<line number="491" hits="0"/>
						<line number="492" hits="0"/>
						<line number="494" hits="0" branch="true" condition-coverage="0% (0/2)" missing-branches="495,498"/>
						<line number="495" hits="0"/>
						<line number="498" hits="0"/>
						<line number="500" hits="0" branch="true" condition-coverage="0% (0/2)" missing-branches="exit,501"/>
						<line number="501" hits="0"/>
						<line number="502" hits="0"/>
						<line number="503" hits="0"/>
						<line number="504" hits="0"/>
						<line number="506" hits="1"/>
						<line number="508" hits="0" branch="true" condition-coverage="0% (0/2)" missing-branches="509,511"/>
						<line number="509" hits="0"/>
						<line number="511" hits="0"/>
						<line number="513" hits="0"/>
						<line number="514" hits="0" branch="true" condition-coverage="0% (0/2)" missing-branches="exit,515"/>
						<line number="515" hits="0"/>
						<line number="516" hits="0"/>
						<line number="517" hits="0" branch="true" condition-coverage="0% (0/2)" missing-branches="518,522"/>
						<line number="518" hits="0"/>
						<line number="519" hits="0"/>
						<line number="520" hits="0"/>
						<line number="522" hits="0" branch="true" condition-coverage="0% (0/2)" missing-branches="523,526"/>
						<line number="523" hits="0"/>
						<line number="526" hits="0"/>
						<line number="528" hits="0" branch="true" condition-coverage="0% (0/2)" missing-branches="exit,529"/>
						<line number="529" hits="0"/>
						<line number="530" hits="0"/>
						<line number="531" hits="0"/>
						<line number="532" hits="0"/>
						<line number="534" hits="1"/>
						<line number="537" hits="1" branch="true" condition-coverage="100% (2/2)"/>
						<line number="538" hits="1"/>
						<line number="541" hits="1" branch="true" condition-coverage="100% (2/2)"/>
						<line number="542" hits="1"/>
						<line number="545" hits="1"/>
						<line number="548" hits="1"/>
						<line number="555" hits="1"/>
						<line number="564" hits="1"/>
						<line number="572" hits="1"/>
						<line number="579" hits="1"/>
						<line number="587" hits="1"/>
						<line number="590" hits="1"/>
						<line number="597" hits="1"/>
						<line number="600" hits="1"/>
						<line number="601" hits="1" branch="true" condition-coverage="50% (1/2)" missing-branches="603"/>
						<line number="603" hits="0" branch="true" condition-coverage="0% (0/2)" missing-branches="604,610"/>
						<line number="604" hits="0"/>
						<line number="605" hits="0"/>
						<line number="606" hits="0"/>
						<line number="607" hits="0"/>
						<line number="608" hits="0"/>
						<line number="610" hits="1"/>
						<line number="638" hits="1"/>
						<line number="640" hits="1"/>
						<line number="642" hits="1"/>
						<line number="645" hits="1"/>
						<line number="652" hits="1"/>
						<line number="661" hits="1"/>
						<line number="670" hits="1"/>
						<line number="677" hits="1"/>
						<line number="687" hits="1"/>
						<line number="688" hits="1"/>
						<line number="696" hits="1"/>
						<line number="723" hits="1"/>
						<line number="731" hits="1"/>
						<line number="734" hits="1"/>
						<line number="741" hits="1"/>
						<line number="744" hits="1"/>
						<line number="745" hits="1" branch="true" condition-coverage="50% (1/2)" missing-branches="746"/>
						<line number="746" hits="0" branch="true" condition-coverage="0% (0/2)" missing-branches="747,763"/>
						<line number="747" hits="0"/>
						<line number="748" hits="0"/>
						<line number="749" hits="0"/>
						<line number="750" hits="0"/>
						<line number="751" hits="0"/>
						<line number="753" hits="0" branch="true" condition-coverage="0% (0/2)" missing-branches="754,763"/>
						<line number="754" hits="0"/>
						<line number="755" hits="0"/>
						<line number="758" hits="1" branch="true" condition-coverage="50% (1/2)" missing-branches="759"/>
						<line number="759" hits="0"/>
						<line number="760" hits="0"/>
						<line number="763" hits="1"/>
						<line number="766" hits="1"/>
						<line number="817" hits="1"/>
						<line number="819" hits="1"/>
						<line number="872" hits="1"/>
						<line number="874" hits="1"/>
						<line number="876" hits="0" branch="true" condition-coverage="0% (0/2)" missing-branches="877,879"/>
						<line number="877" hits="0"/>
						<line number="879" hits="0"/>
						<line number="882" hits="0" branch="true" condition-coverage="0% (0/2)" missing-branches="884,888"/>
						<line number="884" hits="0" branch="true" condition-coverage="0% (0/2)" missing-branches="885,891"/>
						<line number="885" hits="0"/>
						<line number="888" hits="0" branch="true" condition-coverage="0% (0/2)" missing-branches="889,891"/>
						<line number="889" hits="0"/>
						<line number="891" hits="0"/>
						<line number="893" hits="1"/>
						<line number="896" hits="1"/>
						<line number="905" hits="1"/>
						<line number="914" hits="1"/>
						<line number="924" hits="1"/>
						<line number="927" hits="1"/>
						<line number="929" hits="1"/>
						<line number="952" hits="1"/>
						<line number="954" hits="1"/>
						<line number="957" hits="0"/>
						<line number="960" hits="0"/>
						<line number="963" hits="0"/>
						<line number="971" hits="0"/>
						<line number="980" hits="0"/>
						<line number="1002" hits="1"/>
						<line number="1004" hits="0" branch="true" condition-coverage="0% (0/2)" missing-branches="exit,1006"/>
						<line number="1006" hits="0"/>
						<line number="1008" hits="1"/>
						<line number="1010" hits="0" branch="true" condition-coverage="0% (0/2)" missing-branches="1011,1024"/>
						<line number="1011" hits="0"/>
						<line number="1012" hits="0"/>
						<line number="1013" hits="0" branch="true" condition-coverage="0% (0/2)" missing-branches="1014,1019"/>
						<line number="1014" hits="0"/>
						<line number="1015" hits="0" branch="true" condition-coverage="0% (0/2)" missing-branches="exit,1016"/>
						<line number="1016" hits="0"/>
						<line number="1017" hits="0"/>
						<line number="1019" hits="0"/>
						<line number="1020" hits="0"/>
						<line number="1021" hits="0"/>
						<line number="1024" hits="0"/>
						<line number="1026" hits="1"/>
						<line number="1028" hits="1"/>
						<line number="1037" hits="1"/>
						<line number="1042" hits="1"/>
						<line number="1048" hits="1"/>
						<line number="1049" hits="1"/>
						<line number="1051" hits="1"/>
						<line number="1066" hits="1"/>
						<line number="1069" hits="1"/>
						<line number="1100" hits="1"/>
						<line number="1131" hits="1"/>
						<line number="1139" hits="1"/>
						<line number="1146" hits="1"/>
						<line number="1189" hits="1"/>
						<line number="1191" hits="1" branch="true" condition-coverage="50% (1/2)" missing-branches="1192"/>
						<line number="1192" hits="0"/>
						<line number="1195" hits="1" branch="true" condition-coverage="100% (2/2)"/>
						<line number="1197" hits="1" branch="true" condition-coverage="50% (1/2)" missing-branches="1205"/>
						<line number="1198" hits="1"/>
						<line number="1202" hits="1" branch="true" condition-coverage="50% (1/2)" missing-branches="1205"/>
						<line number="1203" hits="1"/>
						<line number="1204" hits="1"/>
						<line number="1205" hits="1"/>
						<line number="1207" hits="1"/>
						<line number="1208" hits="1" branch="true" condition-coverage="50% (1/2)" missing-branches="1209"/>
						<line number="1209" hits="0"/>
						<line number="1211" hits="1"/>
						<line number="1212" hits="1"/>
						<line number="1215" hits="1" branch="true" condition-coverage="50% (1/2)" missing-branches="1225"/>
						<line number="1217" hits="1"/>
						<line number="1219" hits="1" branch="true" condition-coverage="50% (1/2)" missing-branches="1221"/>
						<line number="1220" hits="1"/>
						<line number="1221" hits="1"/>
						<line number="1222" hits="1"/>
						<line number="1225" hits="0" branch="true" condition-coverage="0% (0/2)" missing-branches="exit,1226"/>
						<line number="1226" hits="0" branch="true" condition-coverage="0% (0/2)" missing-branches="1227,1228"/>
						<line number="1227" hits="0"/>
						<line number="1228" hits="0"/>
						<line number="1232" hits="1"/>
						<line number="1235" hits="1"/>
						<line number="1238" hits="1"/>
						<line number="1239" hits="1" branch="true" condition-coverage="50% (1/2)" missing-branches="1243"/>
						<line number="1240" hits="1"/>
						<line number="1243" hits="1" branch="true" condition-coverage="100% (2/2)"/>
						<line number="1244" hits="1"/>
						<line number="1245" hits="1"/>
						<line number="1246" hits="1"/>
						<line number="1247" hits="1" branch="true" condition-coverage="50% (1/2)" missing-branches="1243"/>
						<line number="1248" hits="1"/>
						<line number="1251" hits="1"/>
						<line number="1252" hits="1"/>
						<line number="1253" hits="1" branch="true" condition-coverage="50% (1/2)" missing-branches="1257"/>
						<line number="1254" hits="1"/>
						<line number="1257" hits="1" branch="true" condition-coverage="100% (2/2)"/>
						<line number="1258" hits="1"/>
						<line number="1259" hits="1" branch="true" condition-coverage="50% (1/2)" missing-branches="1257"/>
						<line number="1260" hits="1"/>
						<line number="1261" hits="1"/>
						<line number="1263" hits="1"/>
						<line number="1265" hits="1"/>
						<line number="1268" hits="0"/>
						<line number="1269" hits="0"/>
						<line number="1272" hits="0"/>
						<line number="1275" hits="0" branch="true" condition-coverage="0% (0/2)" missing-branches="1276,1278"/>
						<line number="1276" hits="0"/>
						<line number="1277" hits="0"/>
						<line number="1278" hits="0" branch="true" condition-coverage="0% (0/2)" missing-branches="1279,1282"/>
						<line number="1279" hits="0"/>
						<line number="1282" hits="0" branch="true" condition-coverage="0% (0/2)" missing-branches="1283,1290"/>
						<line number="1283" hits="0"/>
						<line number="1284" hits="0"/>
						<line number="1285" hits="0" branch="true" condition-coverage="0% (0/2)" missing-branches="1286,1290"/>
						<line number="1286" hits="0"/>
						<line number="1287" hits="0"/>
						<line number="1290" hits="0" branch="true" condition-coverage="0% (0/2)" missing-branches="1291,1306"/>
						<line number="1291" hits="0"/>
						<line number="1292" hits="0"/>
						<line number="1293" hits="0"/>
						<line number="1294" hits="0"/>
						<line number="1297" hits="0" branch="true" condition-coverage="0% (0/2)" missing-branches="1298,1306"/>
						<line number="1298" hits="0"/>
						<line number="1303" hits="0"/>
						<line number="1306" hits="0" branch="true" condition-coverage="0% (0/2)" missing-branches="1307,1310"/>
						<line number="1307" hits="0"/>
						<line number="1310" hits="0" branch="true" condition-coverage="0% (0/2)" missing-branches="1311,1322"/>
						<line number="1311" hits="0"/>
						<line number="1312" hits="0" branch="true" condition-coverage="0% (0/2)" missing-branches="1313,1322"/>
						<line number="1313" hits="0"/>
						<line number="1314" hits="0"/>
						<line number="1315" hits="0"/>
						<line number="1317" hits="0" branch="true" condition-coverage="0% (0/2)" missing-branches="1318,1322"/>
						<line number="1318" hits="0"/>
						<line number="1319" hits="0"/>
						<line number="1322" hits="0" branch="true" condition-coverage="0% (0/2)" missing-branches="1323,1325"/>
						<line number="1323" hits="0"/>
						<line number="1325" hits="0"/>
						<line number="1327" hits="1"/>
						<line number="1329" hits="0" branch="true" condition-coverage="0% (0/2)" missing-branches="1330,1332"/>
						<line number="1330" hits="0"/>
						<line number="1332" hits="0"/>
						<line number="1335" hits="0" branch="true" condition-coverage="0% (0/2)" missing-branches="1337,1423"/>
						<line number="1337" hits="0"/>
						<line number="1340" hits="0" branch="true" condition-coverage="0% (0/2)" missing-branches="1341,1343"/>
						<line number="1341" hits="0"/>
						<line number="1343" hits="0"/>
						<line number="1346" hits="0"/>
						<line number="1355" hits="0" branch="true" condition-coverage="0% (0/2)" missing-branches="1356,1365"/>
						<line number="1356" hits="0"/>
						<line number="1357" hits="0"/>
						<line number="1358" hits="0"/>
						<line number="1360" hits="0" branch="true" condition-coverage="0% (0/2)" missing-branches="1361,1365"/>
						<line number="1361" hits="0"/>
						<line number="1362" hits="0"/>
						<line number="1365" hits="0"/>
						<line number="1366" hits="0"/>
						<line number="1368" hits="0"/>
						<line number="1370" hits="0"/>
						<line number="1371" hits="0"/>
						<line number="1373" hits="0"/>
						<line number="1375" hits="0"/>
						<line number="1376" hits="0"/>
						<line number="1377" hits="0"/>
						<line number="1378" hits="0"/>
						<line number="1380" hits="0"/>
						<line number="1381" hits="0"/>
						<line number="1383" hits="0"/>
						<line number="1392" hits="0" branch="true" condition-coverage="0% (0/2)" missing-branches="1393,1401"/>
						<line number="1393" hits="0"/>
						<line number="1396" hits="0"/>
						<line number="1399" hits="0"/>
						<line number="1401" hits="0" branch="true" condition-coverage="0% (0/2)" missing-branches="1402,1432"/>
						<line number="1402" hits="0"/>
						<line number="1403" hits="0"/>
						<line number="1404" hits="0"/>
						<line number="1406" hits="0" branch="true" condition-coverage="0% (0/2)" missing-branches="1407,1432"/>
						<line number="1407" hits="0"/>
						<line number="1408" hits="0"/>
						<line number="1409" hits="0"/>
						<line number="1410" hits="0"/>
						<line number="1411" hits="0" branch="true" condition-coverage="0% (0/2)" missing-branches="1412,1419"/>
						<line number="1412" hits="0"/>
						<line number="1413" hits="0"/>
						<line number="1414" hits="0"/>
						<line number="1416" hits="0" branch="true" condition-coverage="0% (0/2)" missing-branches="1417,1419"/>
						<line number="1417" hits="0"/>
						<line number="1418" hits="0"/>
						<line number="1419" hits="0"/>
						<line number="1423" hits="0" branch="true" condition-coverage="0% (0/2)" missing-branches="1424,1432"/>
						<line number="1424" hits="0"/>
						<line number="1425" hits="0"/>
						<line number="1426" hits="0"/>
						<line number="1428" hits="0" branch="true" condition-coverage="0% (0/2)" missing-branches="1429,1432"/>
						<line number="1429" hits="0"/>
						<line number="1430" hits="0"/>
						<line number="1432" hits="0"/>
						<line number="1434" hits="1"/>
						<line number="1437" hits="0" branch="true" condition-coverage="0% (0/2)" missing-branches="1438,1440"/>
						<line number="1438" hits="0"/>
						<line number="1440" hits="0"/>
						<line number="1442" hits="0" branch="true" condition-coverage="0% (0/2)" missing-branches="1443,1447"/>
						<line number="1443" hits="0"/>
						<line number="1447" hits="0"/>
						<line number="1450" hits="0" branch="true" condition-coverage="0% (0/2)" missing-branches="1451,1455"/>
						<line number="1451" hits="0"/>
						<line number="1455" hits="0"/>
						<line number="1457" hits="0"/>
						<line number="1458" hits="0"/>
						<line number="1461" hits="0"/>
						<line number="1462" hits="0"/>
						<line number="1465" hits="0"/>
						<line number="1466" hits="0"/>
						<line number="1469" hits="0" branch="true" condition-coverage="0% (0/2)" missing-branches="exit,1470"/>
						<line number="1470" hits="0"/>
						<line number="1472" hits="0"/>
						<line number="1473" hits="0"/>
						<line number="1475" hits="1"/>
						<line number="1477" hits="0"/>
						<line number="1480" hits="0"/>
						<line number="1487" hits="0"/>
						<line number="1490" hits="0"/>
						<line number="1492" hits="0" branch="true" condition-coverage="0% (0/2)" missing-branches="exit,1494"/>
						<line number="1494" hits="0" branch="true" condition-coverage="0% (0/2)" missing-branches="1495,1498"/>
						<line number="1495" hits="0"/>
						<line number="1496" hits="0"/>
						<line number="1498" hits="0"/>
						<line number="1501" hits="0"/>
						<line number="1502" hits="0" branch="true" condition-coverage="0% (0/2)" missing-branches="1504,1517"/>
						<line number="1504" hits="0"/>
						<line number="1505" hits="0"/>
						<line number="1508" hits="0" branch="true" condition-coverage="0% (0/2)" missing-branches="1509,1513"/>
						<line number="1509" hits="0"/>
						<line number="1510" hits="0"/>
						<line number="1511" hits="0"/>
						<line number="1513" hits="0" branch="true" condition-coverage="0% (0/2)" missing-branches="1515,1517"/>
						<line number="1515" hits="0"/>
						<line number="1517" hits="0" branch="true" condition-coverage="0% (0/2)" missing-branches="1519,1562"/>
						<line number="1519" hits="0" branch="true" condition-coverage="0% (0/2)" missing-branches="1520,1555"/>
						<line number="1520" hits="0"/>
						<line number="1522" hits="0"/>
						<line number="1523" hits="0"/>
						<line number="1524" hits="0"/>
						<line number="1525" hits="0"/>
						<line number="1527" hits="0" branch="true" condition-coverage="0% (0/2)" missing-branches="1528,1552"/>
						<line number="1528" hits="0"/>
						<line number="1529" hits="0" branch="true" condition-coverage="0% (0/2)" missing-branches="1530,1534"/>
						<line number="1530" hits="0"/>
						<line number="1531" hits="0"/>
						<line number="1532" hits="0"/>
						<line number="1533" hits="0"/>
						<line number="1534" hits="0"/>
						<line number="1536" hits="0"/>
						<line number="1537" hits="0"/>
						<line number="1538" hits="0"/>
						<line number="1545" hits="0"/>
						<line number="1546" hits="0"/>
						<line number="1547" hits="0"/>
						<line number="1548" hits="0"/>
						<line number="1549" hits="0"/>
						<line number="1552" hits="0"/>
						<line number="1555" hits="0"/>
						<line number="1557" hits="0"/>
						<line number="1558" hits="0" branch="true" condition-coverage="0% (0/2)" missing-branches="1492,1559"/>
						<line number="1559" hits="0"/>
						<line number="1562" hits="0"/>
						<line number="1564" hits="0"/>
						<line number="1565" hits="0"/>
						<line number="1567" hits="0"/>
						<line number="1568" hits="0"/>
						<line number="1569" hits="0"/>
						<line number="1571" hits="1"/>
						<line number="1573" hits="0" branch="true" condition-coverage="0% (0/2)" missing-branches="exit,1574"/>
						<line number="1574" hits="0"/>
						<line number="1575" hits="0"/>
						<line number="1576" hits="0"/>
						<line number="1577" hits="0"/>
						<line number="1578" hits="0"/>
						<line number="1580" hits="0"/>
						<line number="1582" hits="1"/>
						<line number="1585" hits="0"/>
						<line number="1587" hits="0"/>
						<line number="1589" hits="1"/>
						<line number="1591" hits="0"/>
						<line number="1593" hits="0" branch="true" condition-coverage="0% (0/2)" missing-branches="1594,1596"/>
						<line number="1594" hits="0"/>
						<line number="1596" hits="0"/>
						<line number="1598" hits="0"/>
						<line number="1599" hits="0"/>
						<line number="1602" hits="0"/>
						<line number="1605" hits="0"/>
						<line number="1608" hits="0"/>
						<line number="1611" hits="0" branch="true" condition-coverage="0% (0/2)" missing-branches="1612,1624"/>
						<line number="1612" hits="0"/>
						<line number="1613" hits="0"/>
						<line number="1616" hits="0"/>
						<line number="1617" hits="0" branch="true" condition-coverage="0% (0/2)" missing-branches="1618,1621"/>
						<line number="1618" hits="0"/>
						<line number="1621" hits="0"/>
						<line number="1624" hits="0"/>
						<line number="1625" hits="0"/>
						<line number="1630" hits="0" branch="true" condition-coverage="0% (0/2)" missing-branches="exit,1632"/>
						<line number="1632" hits="0"/>
						<line number="1633" hits="0"/>
						<line number="1636" hits="0"/>
						<line number="1639" hits="0" branch="true" condition-coverage="0% (0/2)" missing-branches="exit,1640"/>
						<line number="1640" hits="0"/>
						<line number="1641" hits="0"/>
						<line number="1642" hits="0" branch="true" condition-coverage="0% (0/2)" missing-branches="exit,1643"/>
						<line number="1643" hits="0"/>
						<line number="1644" hits="0"/>
						<line number="1646" hits="0"/>
						<line number="1647" hits="0"/>
						<line number="1650" hits="0"/>
						<line number="1651" hits="0"/>
						<line number="1652" hits="0"/>
						<line number="1659" hits="0" branch="true" condition-coverage="0% (0/2)" missing-branches="exit,1660"/>
						<line number="1660" hits="0"/>
						<line number="1661" hits="0"/>
						<line number="1662" hits="0"/>
						<line number="1664" hits="0"/>
						<line number="1665" hits="0"/>
						<line number="1667" hits="1"/>
						<line number="1670" hits="0"/>
						<line number="1672" hits="1"/>
						<line number="1674" hits="0"/>
						<line number="1676" hits="0"/>
						<line number="1679" hits="1"/>
						<line number="1681" hits="0"/>
						<line number="1682" hits="0" branch="true" condition-coverage="0% (0/2)" missing-branches="1683,1690"/>
						<line number="1683" hits="0"/>
						<line number="1684" hits="0"/>
						<line number="1685" hits="0"/>
						<line number="1687" hits="0" branch="true" condition-coverage="0% (0/2)" missing-branches="1688,1690"/>
						<line number="1688" hits="0"/>
						<line number="1689" hits="0"/>
						<line number="1690" hits="0"/>
						<line number="1692" hits="1"/>
						<line number="1694" hits="0" branch="true" condition-coverage="0% (0/2)" missing-branches="1695,1697"/>
						<line number="1695" hits="0"/>
						<line number="1697" hits="0"/>
						<line number="1698" hits="0"/>
						<line number="1699" hits="0"/>
						<line number="1701" hits="0" branch="true" condition-coverage="0% (0/2)" missing-branches="1702,1706"/>
						<line number="1702" hits="0" branch="true" condition-coverage="0% (0/2)" missing-branches="1703,1708"/>
						<line number="1703" hits="0"/>
						<line number="1704" hits="0"/>
						<line number="1706" hits="0"/>
						<line number="1708" hits="0"/>
						<line number="1710" hits="0" branch="true" condition-coverage="0% (0/2)" missing-branches="exit,1711"/>
						<line number="1711" hits="0"/>
						<line number="1712" hits="0"/>
						<line number="1713" hits="0"/>
						<line number="1714" hits="0"/>
						<line number="1716" hits="1"/>
						<line number="1718" hits="1" branch="true" condition-coverage="50% (1/2)" missing-branches="1719"/>
						<line number="1719" hits="0"/>
						<line number="1722" hits="1"/>
						<line number="1723" hits="1"/>
						<line number="1725" hits="1"/>
						<line number="1727" hits="1" branch="true" condition-coverage="50% (1/2)" missing-branches="1728"/>
						<line number="1728" hits="0"/>
						<line number="1731" hits="1"/>
						<line number="1732" hits="1"/>
						<line number="1734" hits="1"/>
						<line number="1736" hits="0" branch="true" condition-coverage="0% (0/2)" missing-branches="1737,1739"/>
						<line number="1737" hits="0"/>
						<line number="1739" hits="0" branch="true" condition-coverage="0% (0/2)" missing-branches="1741,1765"/>
						<line number="1741" hits="0"/>
						<line number="1742" hits="0"/>
						<line number="1745" hits="0" branch="true" condition-coverage="0% (0/2)" missing-branches="1748,1751"/>
						<line number="1748" hits="0"/>
						<line number="1751" hits="0" branch="true" condition-coverage="0% (0/2)" missing-branches="1752,1762"/>
						<line number="1752" hits="0"/>
						<line number="1753" hits="0" branch="true" condition-coverage="0% (0/2)" missing-branches="1754,1762"/>
						<line number="1754" hits="0"/>
						<line number="1755" hits="0"/>
						<line number="1756" hits="0"/>
						<line number="1758" hits="0" branch="true" condition-coverage="0% (0/2)" missing-branches="1759,1762"/>
						<line number="1759" hits="0"/>
						<line number="1760" hits="0"/>
						<line number="1762" hits="0"/>
						<line number="1765" hits="0"/>
						<line number="1766" hits="0"/>
						<line number="1769" hits="0" branch="true" condition-coverage="0% (0/2)" missing-branches="1773,1777"/>
						<line number="1773" hits="0"/>
						<line number="1774" hits="0"/>
						<line number="1777" hits="0" branch="true" condition-coverage="0% (0/2)" missing-branches="1778,1788"/>
						<line number="1778" hits="0"/>
						<line number="1779" hits="0" branch="true" condition-coverage="0% (0/2)" missing-branches="1780,1788"/>
						<line number="1780" hits="0"/>
						<line number="1781" hits="0"/>
						<line number="1782" hits="0"/>
						<line number="1784" hits="0" branch="true" condition-coverage="0% (0/2)" missing-branches="1785,1788"/>
						<line number="1785" hits="0"/>
						<line number="1786" hits="0"/>
						<line number="1788" hits="0"/>
						<line number="1790" hits="0"/>
						<line number="1792" hits="1"/>
						<line number="1794" hits="0" branch="true" condition-coverage="0% (0/2)" missing-branches="1795,1798"/>
						<line number="1795" hits="0"/>
						<line number="1798" hits="0" branch="true" condition-coverage="0% (0/2)" missing-branches="1799,1816"/>
						<line number="1799" hits="0"/>
						<line number="1801" hits="0"/>
						<line number="1803" hits="0"/>
						<line number="1804" hits="0"/>
						<line number="1806" hits="0"/>
						<line number="1807" hits="0"/>
						<line number="1808" hits="0"/>
						<line number="1809" hits="0"/>
						<line number="1812" hits="0" branch="true" condition-coverage="0% (0/2)" missing-branches="1813,1816"/>
						<line number="1813" hits="0"/>
						<line number="1816" hits="0"/>
						<line number="1819" hits="0" branch="true" condition-coverage="0% (0/2)" missing-branches="1820,1828"/>
						<line number="1820" hits="0"/>
						<line number="1821" hits="0"/>
						<line number="1822" hits="0"/>
						<line number="1823" hits="0"/>
						<line number="1824" hits="0" branch="true" condition-coverage="0% (0/2)" missing-branches="1825,1828"/>
						<line number="1825" hits="0"/>
						<line number="1828" hits="0" branch="true" condition-coverage="0% (0/2)" missing-branches="1829,1840"/>
						<line number="1829" hits="0"/>
						<line number="1830" hits="0" branch="true" condition-coverage="0% (0/2)" missing-branches="1831,1840"/>
						<line number="1831" hits="0"/>
						<line number="1832" hits="0"/>
						<line number="1833" hits="0"/>
						<line number="1835" hits="0" branch="true" condition-coverage="0% (0/2)" missing-branches="1836,1840"/>
						<line number="1836" hits="0"/>
						<line number="1837" hits="0"/>
						<line number="1840" hits="0" branch="true" condition-coverage="0% (0/2)" missing-branches="1841,1844"/>
						<line number="1841" hits="0"/>
						<line number="1844" hits="0"/>
						<line number="1847" hits="0" branch="true" condition-coverage="0% (0/2)" missing-branches="1848,1849"/>
						<line number="1848" hits="0"/>
						<line number="1849" hits="0" branch="true" condition-coverage="0% (0/2)" missing-branches="1850,1853"/>
						<line number="1850" hits="0"/>
						<line number="1853" hits="0"/>
						<line number="1855" hits="0"/>
						<line number="1856" hits="0"/>
						<line number="1858" hits="1"/>
						<line number="1860" hits="0" branch="true" condition-coverage="0% (0/2)" missing-branches="exit,1861"/>
						<line number="1861" hits="0"/>
						<line number="1862" hits="0"/>
						<line number="1865" hits="0" branch="true" condition-coverage="0% (0/2)" missing-branches="1866,1882"/>
						<line number="1866" hits="0"/>
						<line number="1867" hits="0"/>
						<line number="1868" hits="0"/>
						<line number="1869" hits="0"/>
						<line number="1870" hits="0"/>
						<line number="1871" hits="0"/>
						<line number="1874" hits="0"/>
						<line number="1879" hits="0"/>
						<line number="1882" hits="0" branch="true" condition-coverage="0% (0/2)" missing-branches="1884,1910"/>
						<line number="1884" hits="0" branch="true" condition-coverage="0% (0/2)" missing-branches="1885,1893"/>
						<line number="1885" hits="0"/>
						<line number="1886" hits="0"/>
						<line number="1887" hits="0"/>
						<line number="1889" hits="0" branch="true" condition-coverage="0% (0/2)" missing-branches="1890,1893"/>
						<line number="1890" hits="0"/>
						<line number="1891" hits="0"/>
						<line number="1893" hits="0" branch="true" condition-coverage="0% (0/2)" missing-branches="1894,1906"/>
						<line number="1894" hits="0"/>
						<line number="1896" hits="0"/>
						<line number="1898" hits="0"/>
						<line number="1899" hits="0"/>
						<line number="1901" hits="0"/>
						<line number="1902" hits="0"/>
						<line number="1903" hits="0"/>
						<line number="1904" hits="0"/>
						<line number="1906" hits="0" branch="true" condition-coverage="0% (0/2)" missing-branches="1907,1910"/>
						<line number="1907" hits="0"/>
						<line number="1910" hits="0"/>
						<line number="1913" hits="0"/>
						<line number="1916" hits="0" branch="true" condition-coverage="0% (0/2)" missing-branches="1917,1918"/>
						<line number="1917" hits="0"/>
						<line number="1918" hits="0" branch="true" condition-coverage="0% (0/2)" missing-branches="1919,1922"/>
						<line number="1919" hits="0"/>
						<line number="1922" hits="0"/>
						<line number="1924" hits="0"/>
						<line number="1925" hits="0"/>
						<line number="1927" hits="1"/>
						<line number="1929" hits="0" branch="true" condition-coverage="0% (0/2)" missing-branches="exit,1930"/>
						<line number="1930" hits="0" branch="true" condition-coverage="0% (0/2)" missing-branches="1931,1937"/>
						<line number="1931" hits="0"/>
						<line number="1932" hits="0"/>
						<line number="1933" hits="0"/>
						<line number="1934" hits="0"/>
						<line number="1935" hits="0"/>
						<line number="1936" hits="0"/>
						<line number="1937" hits="0"/>
						<line number="1939" hits="1"/>
						<line number="1941" hits="0" branch="true" condition-coverage="0% (0/2)" missing-branches="1942,1944"/>
						<line number="1942" hits="0"/>
						<line number="1944" hits="0"/>
						<line number="1945" hits="0"/>
						<line number="1947" hits="0" branch="true" condition-coverage="0% (0/2)" missing-branches="exit,1948"/>
						<line number="1948" hits="0" branch="true" condition-coverage="0% (0/2)" missing-branches="1949,1977"/>
						<line number="1949" hits="0" branch="true" condition-coverage="0% (0/2)" missing-branches="1951,1957"/>
						<line number="1951" hits="0" branch="true" condition-coverage="0% (0/2)" missing-branches="1952,1953"/>
						<line number="1952" hits="0"/>
						<line number="1953" hits="0"/>
						<line number="1954" hits="0"/>
						<line number="1957" hits="0" branch="true" condition-coverage="0% (0/2)" missing-branches="1958,1962"/>
						<line number="1958" hits="0"/>
						<line number="1959" hits="0"/>
						<line number="1960" hits="0"/>
						<line number="1962" hits="0"/>
						<line number="1963" hits="0"/>
						<line number="1964" hits="0"/>
						<line number="1965" hits="0"/>
						<line number="1966" hits="0"/>
						<line number="1967" hits="0"/>
						<line number="1970" hits="0" branch="true" condition-coverage="0% (0/2)" missing-branches="1971,1977"/>
						<line number="1971" hits="0"/>
						<line number="1972" hits="0" branch="true" condition-coverage="0% (0/2)" missing-branches="1973,1977"/>
						<line number="1973" hits="0"/>
						<line number="1975" hits="0"/>
						<line number="1976" hits="0"/>
						<line number="1977" hits="0"/>
						<line number="1980" hits="1"/>
						<line number="1982" hits="0" branch="true" condition-coverage="0% (0/2)" missing-branches="1983,1985"/>
						<line number="1983" hits="0"/>
						<line number="1985" hits="0"/>
						<line number="1986" hits="0" branch="true" condition-coverage="0% (0/2)" missing-branches="1987,1990"/>
						<line number="1987" hits="0"/>
						<line number="1990" hits="0"/>
						<line number="1991" hits="0"/>
						<line number="1992" hits="0"/>
						<line number="1994" hits="0"/>
						<line number="1996" hits="1"/>
						<line number="1998" hits="1" branch="true" condition-coverage="100% (2/2)"/>
						<line number="1999" hits="1"/>
						<line number="2001" hits="1"/>
						<line number="2002" hits="1" branch="true" condition-coverage="100% (2/2)"/>
						<line number="2003" hits="1"/>
						<line number="2004" hits="1"/>
						<line number="2005" hits="1" branch="true" condition-coverage="100% (2/2)"/>
						<line number="2006" hits="1"/>
						<line number="2007" hits="1" branch="true" condition-coverage="50% (1/2)" missing-branches="2002"/>
						<line number="2008" hits="1"/>
						<line number="2010" hits="1"/>
						<line number="2012" hits="1"/>
						<line number="2018" hits="0"/>
						<line number="2020" hits="0"/>
						<line number="2022" hits="0"/>
						<line number="2023" hits="0" branch="true" condition-coverage="0% (0/2)" missing-branches="2024,2029"/>
						<line number="2024" hits="0"/>
						<line number="2029" hits="0"/>
						<line number="2031" hits="0"/>
						<line number="2034" hits="0"/>
						<line number="2037" hits="0" branch="true" condition-coverage="0% (0/2)" missing-branches="2038,2063"/>
						<line number="2038" hits="0"/>
						<line number="2039" hits="0"/>
						<line number="2040" hits="0"/>
						<line number="2041" hits="0"/>
						<line number="2042" hits="0"/>
						<line number="2043" hits="0"/>
						<line number="2046" hits="0"/>
						<line number="2055" hits="0"/>
						<line number="2058" hits="0" branch="true" condition-coverage="0% (0/2)" missing-branches="exit,2059"/>
						<line number="2059" hits="0"/>
						<line number="2061" hits="0"/>
						<line number="2063" hits="0"/>
						<line number="2064" hits="0" branch="true" condition-coverage="0% (0/2)" missing-branches="exit,2065"/>
						<line number="2065" hits="0"/>
						<line number="2066" hits="0"/>
						<line number="2067" hits="0"/>
						<line number="2068" hits="0"/>
						<line number="2069" hits="0"/>
						<line number="2070" hits="0"/>
						<line number="2071" hits="0" branch="true" condition-coverage="0% (0/2)" missing-branches="exit,2072"/>
						<line number="2072" hits="0"/>
						<line number="2073" hits="0"/>
						<line number="2074" hits="0"/>
						<line number="2075" hits="0"/>
						<line number="2078" hits="0"/>
						<line number="2079" hits="0"/>
						<line number="2081" hits="1"/>
						<line number="2083" hits="0" branch="true" condition-coverage="0% (0/2)" missing-branches="2084,2087"/>
						<line number="2084" hits="0"/>
						<line number="2087" hits="0"/>
						<line number="2088" hits="0" branch="true" condition-coverage="0% (0/2)" missing-branches="2089,2091"/>
						<line number="2089" hits="0"/>
						<line number="2091" hits="0"/>
						<line number="2094" hits="0"/>
						<line number="2113" hits="0"/>
						<line number="2116" hits="0"/>
						<line number="2117" hits="0" branch="true" condition-coverage="0% (0/2)" missing-branches="exit,2118"/>
						<line number="2118" hits="0"/>
						<line number="2119" hits="0"/>
						<line number="2121" hits="1"/>
						<line number="2123" hits="0"/>
						<line number="2125" hits="0"/>
						<line number="2126" hits="0" branch="true" condition-coverage="0% (0/2)" missing-branches="2128,2130"/>
						<line number="2128" hits="0"/>
						<line number="2130" hits="0" branch="true" condition-coverage="0% (0/2)" missing-branches="2131,2151"/>
						<line number="2131" hits="0"/>
						<line number="2132" hits="0"/>
						<line number="2134" hits="0"/>
						<line number="2135" hits="0"/>
						<line number="2136" hits="0"/>
						<line number="2139" hits="0" branch="true" condition-coverage="0% (0/2)" missing-branches="exit,2140"/>
						<line number="2140" hits="0"/>
						<line number="2142" hits="0" branch="true" condition-coverage="0% (0/2)" missing-branches="2143,2146"/>
						<line number="2143" hits="0"/>
						<line number="2144" hits="0"/>
						<line number="2146" hits="0"/>
						<line number="2147" hits="0"/>
						<line number="2148" hits="0"/>
						<line number="2151" hits="0" branch="true" condition-coverage="0% (0/2)" missing-branches="exit,2152"/>
						<line number="2152" hits="0"/>
						<line number="2153" hits="0"/>
						<line number="2154" hits="0"/>
						<line number="2155" hits="0"/>
						<line number="2156" hits="0"/>
						<line number="2157" hits="0"/>
						<line number="2159" hits="0" branch="true" condition-coverage="0% (0/2)" missing-branches="exit,2160"/>
						<line number="2160" hits="0"/>
						<line number="2161" hits="0"/>
						<line number="2162" hits="0"/>
						<line number="2163" hits="0"/>
						<line number="2164" hits="0"/>
						<line number="2165" hits="0"/>
						<line number="2167" hits="1"/>
						<line number="2169" hits="1" branch="true" condition-coverage="50% (1/2)" missing-branches="2170"/>
						<line number="2170" hits="0"/>
						<line number="2172" hits="1"/>
						<line number="2173" hits="1"/>
						<line number="2175" hits="1" branch="true" condition-coverage="100% (2/2)"/>
						<line number="2177" hits="1"/>
						<line number="2178" hits="1" branch="true" condition-coverage="50% (1/2)" missing-branches="2185"/>
						<line number="2179" hits="1"/>
						<line number="2180" hits="1"/>
						<line number="2181" hits="1"/>
						<line number="2182" hits="1"/>
						<line number="2183" hits="1"/>
						<line number="2184" hits="1"/>
						<line number="2185" hits="1"/>
						<line number="2189" hits="1"/>
						<line number="2190" hits="1"/>
						<line number="2191" hits="1"/>
						<line number="2192" hits="1"/>
						<line number="2193" hits="1"/>
						<line number="2195" hits="1" branch="true" condition-coverage="100% (2/2)"/>
						<line number="2196" hits="1"/>
						<line number="2197" hits="1"/>
						<line number="2198" hits="1"/>
						<line number="2199" hits="1"/>
						<line number="2200" hits="1"/>
						<line number="2203" hits="1"/>
						<line number="2204" hits="1"/>
						<line number="2207" hits="1" branch="true" condition-coverage="50% (1/2)" missing-branches="exit"/>
						<line number="2208" hits="1"/>
						<line number="2209" hits="1"/>
						<line number="2210" hits="1"/>
						<line number="2211" hits="1"/>
						<line number="2212" hits="1"/>
						<line number="2213" hits="1"/>
						<line number="2214" hits="0"/>
						<line number="2215" hits="0"/>
						<line number="2217" hits="1"/>
						<line number="2220" hits="0" branch="true" condition-coverage="0% (0/2)" missing-branches="2221,2223"/>
						<line number="2221" hits="0"/>
						<line number="2223" hits="0"/>
						<line number="2224" hits="0" branch="true" condition-coverage="0% (0/2)" missing-branches="2225,2227"/>
						<line number="2225" hits="0"/>
						<line number="2227" hits="0"/>
						<line number="2228" hits="0" branch="true" condition-coverage="0% (0/2)" missing-branches="2230,2232"/>
						<line number="2230" hits="0"/>
						<line number="2232" hits="0"/>
						<line number="2239" hits="0"/>
						<line number="2240" hits="0"/>
						<line number="2241" hits="0"/>
						<line number="2243" hits="1"/>
						<line number="2245" hits="0"/>
						<line number="2247" hits="0"/>
						<line number="2248" hits="0"/>
						<line number="2251" hits="0"/>
						<line number="2253" hits="0"/>
						<line number="2254" hits="0"/>
						<line number="2255" hits="0"/>
						<line number="2258" hits="0"/>
						<line number="2261" hits="0"/>
						<line number="2275" hits="0"/>
						<line number="2276" hits="0"/>
						<line number="2277" hits="0"/>
						<line number="2280" hits="0"/>
						<line number="2281" hits="0" branch="true" condition-coverage="0% (0/2)" missing-branches="2282,2296"/>
						<line number="2282" hits="0"/>
						<line number="2283" hits="0"/>
						<line number="2285" hits="0"/>
						<line number="2287" hits="0"/>
						<line number="2293" hits="0"/>
						<line number="2296" hits="0"/>
						<line number="2297" hits="0" branch="true" condition-coverage="0% (0/2)" missing-branches="2298,2311"/>
						<line number="2298" hits="0"/>
						<line number="2299" hits="0"/>
						<line number="2301" hits="0"/>
						<line number="2303" hits="0"/>
						<line number="2309" hits="0"/>
						<line number="2311" hits="0"/>
						<line number="2313" hits="0"/>
						<line number="2314" hits="0"/>
						<line number="2315" hits="0"/>
					</lines>
				</class>
				<class name="history_window.py" filename="gui/history_window.py" complexity="0" line-rate="0.5714" branch-rate="1">
					<methods/>
					<lines>
						<line number="4" hits="1"/>
						<line number="7" hits="1"/>
						<line number="10" hits="1"/>
						<line number="17" hits="0"/>
						<line number="19" hits="1"/>
						<line number="21" hits="0"/>
						<line number="27" hits="0"/>
					</lines>
				</class>
				<class name="home_window.py" filename="gui/home_window.py" complexity="0" line-rate="0.1081" branch-rate="0">
					<methods/>
					<lines>
						<line number="4" hits="1"/>
						<line number="5" hits="1"/>
						<line number="6" hits="1"/>
						<line number="7" hits="1"/>
						<line number="8" hits="1"/>
						<line number="9" hits="1"/>
						<line number="10" hits="1"/>
						<line number="13" hits="1"/>
						<line number="16" hits="1"/>
						<line number="24" hits="0"/>
						<line number="25" hits="0"/>
						<line number="26" hits="0"/>
						<line number="27" hits="0"/>
						<line number="30" hits="0"/>
						<line number="31" hits="0"/>
						<line number="34" hits="0"/>
						<line number="35" hits="0"/>
						<line number="36" hits="0"/>
						<line number="37" hits="0"/>
						<line number="38" hits="0"/>
						<line number="41" hits="0"/>
						<line number="42" hits="0"/>
						<line number="43" hits="0"/>
						<line number="44" hits="0"/>
						<line number="45" hits="0"/>
						<line number="47" hits="1"/>
						<line number="50" hits="0"/>
						<line number="59" hits="0"/>
						<line number="68" hits="0"/>
						<line number="71" hits="0"/>
						<line number="74" hits="0"/>
						<line number="85" hits="0"/>
						<line number="111" hits="0"/>
						<line number="113" hits="0"/>
						<line number="115" hits="1"/>
						<line number="118" hits="0"/>
						<line number="149" hits="0"/>
						<line number="180" hits="0"/>
						<line number="188" hits="0"/>
						<line number="195" hits="0"/>
						<line number="238" hits="1"/>
						<line number="241" hits="0"/>
						<line number="243" hits="0"/>
						<line number="244" hits="0" branch="true" condition-coverage="0% (0/2)" missing-branches="245,253"/>
						<line number="245" hits="0"/>
						<line number="250" hits="0"/>
						<line number="251" hits="0"/>
						<line number="253" hits="0"/>
						<line number="273" hits="1"/>
						<line number="275" hits="0" branch="true" condition-coverage="0% (0/2)" missing-branches="276,278"/>
						<line number="276" hits="0"/>
						<line number="278" hits="0"/>
						<line number="280" hits="0"/>
						<line number="284" hits="0"/>
						<line number="285" hits="0" branch="true" condition-coverage="0% (0/2)" missing-branches="286,288"/>
						<line number="286" hits="0"/>
						<line number="287" hits="0"/>
						<line number="288" hits="0" branch="true" condition-coverage="0% (0/2)" missing-branches="289,290"/>
						<line number="289" hits="0"/>
						<line number="290" hits="0"/>
						<line number="293" hits="0"/>
						<line number="295" hits="0" branch="true" condition-coverage="0% (0/2)" missing-branches="297,319"/>
						<line number="297" hits="0"/>
						<line number="298" hits="0"/>
						<line number="300" hits="0" branch="true" condition-coverage="0% (0/2)" missing-branches="301,303"/>
						<line number="301" hits="0"/>
						<line number="302" hits="0"/>
						<line number="303" hits="0"/>
						<line number="306" hits="0"/>
						<line number="307" hits="0"/>
						<line number="310" hits="0"/>
						<line number="312" hits="0"/>
						<line number="313" hits="0"/>
						<line number="315" hits="0" branch="true" condition-coverage="0% (0/2)" missing-branches="316,323"/>
						<line number="316" hits="0"/>
						<line number="317" hits="0"/>
						<line number="319" hits="0" branch="true" condition-coverage="0% (0/2)" missing-branches="320,323"/>
						<line number="320" hits="0"/>
						<line number="321" hits="0"/>
						<line number="323" hits="0" branch="true" condition-coverage="0% (0/2)" missing-branches="324,325"/>
						<line number="324" hits="0"/>
						<line number="325" hits="0"/>
						<line number="327" hits="0"/>
						<line number="328" hits="0"/>
						<line number="329" hits="0" branch="true" condition-coverage="0% (0/2)" missing-branches="330,332"/>
						<line number="330" hits="0"/>
						<line number="331" hits="0"/>
						<line number="332" hits="0" branch="true" condition-coverage="0% (0/2)" missing-branches="333,334"/>
						<line number="333" hits="0"/>
						<line number="334" hits="0"/>
						<line number="336" hits="0"/>
						<line number="339" hits="0"/>
						<line number="340" hits="0"/>
						<line number="342" hits="1"/>
						<line number="344" hits="0" branch="true" condition-coverage="0% (0/2)" missing-branches="345,347"/>
						<line number="345" hits="0"/>
						<line number="347" hits="0"/>
						<line number="349" hits="0"/>
						<line number="350" hits="0" branch="true" condition-coverage="0% (0/2)" missing-branches="exit,352"/>
						<line number="352" hits="0"/>
						<line number="353" hits="0"/>
						<line number="354" hits="0" branch="true" condition-coverage="0% (0/2)" missing-branches="355,360"/>
						<line number="355" hits="0"/>
						<line number="357" hits="0"/>
						<line number="358" hits="0"/>
						<line number="360" hits="0" branch="true" condition-coverage="0% (0/2)" missing-branches="361,364"/>
						<line number="361" hits="0"/>
						<line number="364" hits="0"/>
						<line number="366" hits="0" branch="true" condition-coverage="0% (0/2)" missing-branches="exit,367"/>
						<line number="367" hits="0"/>
						<line number="368" hits="0"/>
						<line number="369" hits="0"/>
						<line number="370" hits="0"/>
						<line number="372" hits="1"/>
						<line number="374" hits="0" branch="true" condition-coverage="0% (0/2)" missing-branches="375,377"/>
						<line number="375" hits="0"/>
						<line number="377" hits="0"/>
						<line number="379" hits="0"/>
						<line number="380" hits="0" branch="true" condition-coverage="0% (0/2)" missing-branches="exit,381"/>
						<line number="381" hits="0"/>
						<line number="382" hits="0"/>
						<line number="383" hits="0" branch="true" condition-coverage="0% (0/2)" missing-branches="384,389"/>
						<line number="384" hits="0"/>
						<line number="386" hits="0"/>
						<line number="387" hits="0"/>
						<line number="389" hits="0" branch="true" condition-coverage="0% (0/2)" missing-branches="390,393"/>
						<line number="390" hits="0"/>
						<line number="393" hits="0"/>
						<line number="395" hits="0" branch="true" condition-coverage="0% (0/2)" missing-branches="exit,396"/>
						<line number="396" hits="0"/>
						<line number="397" hits="0"/>
						<line number="398" hits="0"/>
						<line number="399" hits="0"/>
						<line number="401" hits="1"/>
						<line number="404" hits="0"/>
						<line number="406" hits="1"/>
						<line number="408" hits="0"/>
						<line number="410" hits="0" branch="true" condition-coverage="0% (0/2)" missing-branches="411,418"/>
						<line number="411" hits="0"/>
						<line number="412" hits="0"/>
						<line number="414" hits="0"/>
						<line number="416" hits="0"/>
						<line number="418" hits="0"/>
						<line number="421" hits="0"/>
						<line number="422" hits="0" branch="true" condition-coverage="0% (0/2)" missing-branches="423,426"/>
						<line number="423" hits="0"/>
						<line number="426" hits="0"/>
						<line number="427" hits="0" branch="true" condition-coverage="0% (0/2)" missing-branches="exit,428"/>
						<line number="428" hits="0"/>
						<line number="430" hits="0"/>
						<line number="431" hits="0"/>
						<line number="432" hits="0"/>
						<line number="434" hits="1"/>
						<line number="436" hits="0" branch="true" condition-coverage="0% (0/2)" missing-branches="437,439"/>
						<line number="437" hits="0"/>
						<line number="439" hits="0"/>
						<line number="441" hits="0"/>
						<line number="442" hits="0"/>
						<line number="444" hits="0" branch="true" condition-coverage="0% (0/2)" missing-branches="446,452"/>
						<line number="446" hits="0" branch="true" condition-coverage="0% (0/2)" missing-branches="448,455"/>
						<line number="448" hits="0"/>
						<line number="449" hits="0"/>
						<line number="452" hits="0"/>
						<line number="455" hits="0"/>
						<line number="458" hits="0" branch="true" condition-coverage="0% (0/2)" missing-branches="exit,459"/>
						<line number="459" hits="0"/>
						<line number="460" hits="0"/>
						<line number="461" hits="0"/>
						<line number="462" hits="0"/>
						<line number="464" hits="1"/>
						<line number="466" hits="0"/>
						<line number="468" hits="0" branch="true" condition-coverage="0% (0/2)" missing-branches="469,481"/>
						<line number="469" hits="0" branch="true" condition-coverage="0% (0/2)" missing-branches="468,470"/>
						<line number="470" hits="0"/>
						<line number="471" hits="0"/>
						<line number="474" hits="0" branch="true" condition-coverage="0% (0/2)" missing-branches="475,476"/>
						<line number="475" hits="0"/>
						<line number="476" hits="0" branch="true" condition-coverage="0% (0/2)" missing-branches="477,479"/>
						<line number="477" hits="0"/>
						<line number="479" hits="0"/>
						<line number="481" hits="0"/>
						<line number="483" hits="1"/>
						<line number="485" hits="0" branch="true" condition-coverage="0% (0/2)" missing-branches="486,488"/>
						<line number="486" hits="0"/>
						<line number="488" hits="0"/>
					</lines>
				</class>
				<class name="result_window.py" filename="gui/result_window.py" complexity="0" line-rate="0.5714" branch-rate="1">
					<methods/>
					<lines>
						<line number="4" hits="1"/>
						<line number="7" hits="1"/>
						<line number="10" hits="1"/>
						<line number="17" hits="0"/>
						<line number="19" hits="1"/>
						<line number="21" hits="0"/>
						<line number="27" hits="0"/>
					</lines>
				</class>
			</classes>
		</package>
		<package name="models" line-rate="1" branch-rate="1" complexity="0">
			<classes>
				<class name="__init__.py" filename="models/__init__.py" complexity="0" line-rate="1" branch-rate="1">
					<methods/>
					<lines/>
				</class>
				<class name="schemas.py" filename="models/schemas.py" complexity="0" line-rate="1" branch-rate="1">
					<methods/>
					<lines>
						<line number="4" hits="1"/>
						<line number="5" hits="1"/>
						<line number="8" hits="1"/>
						<line number="11" hits="1"/>
						<line number="12" hits="1"/>
						<line number="13" hits="1"/>
						<line number="14" hits="1"/>
						<line number="15" hits="1"/>
						<line number="16" hits="1"/>
						<line number="17" hits="1"/>
						<line number="20" hits="1"/>
						<line number="23" hits="1"/>
						<line number="24" hits="1"/>
						<line number="25" hits="1"/>
					</lines>
				</class>
			</classes>
		</package>
		<package name="services" line-rate="0.562" branch-rate="0.3071" complexity="0">
			<classes>
				<class name="__init__.py" filename="services/__init__.py" complexity="0" line-rate="1" branch-rate="1">
					<methods/>
					<lines/>
				</class>
				<class name="api_check_service.py" filename="services/api_check_service.py" complexity="0" line-rate="0.9429" branch-rate="1">
					<methods/>
					<lines>
						<line number="5" hits="1"/>
						<line number="6" hits="1"/>
						<line number="7" hits="1"/>
						<line number="8" hits="1"/>
						<line number="11" hits="1"/>
						<line number="14" hits="1"/>
						<line number="16" hits="1"/>
						<line number="18" hits="1"/>
						<line number="26" hits="1"/>
						<line number="28" hits="1" branch="true" condition-coverage="100% (2/2)"/>
						<line number="29" hits="1"/>
						<line number="35" hits="1"/>
						<line number="36" hits="1"/>
						<line number="38" hits="1"/>
						<line number="39" hits="1"/>
						<line number="40" hits="1"/>
						<line number="45" hits="1"/>
						<line number="46" hits="1"/>
						<line number="51" hits="0"/>
						<line number="52" hits="0"/>
						<line number="58" hits="1"/>
						<line number="65" hits="1"/>
						<line number="66" hits="1"/>
						<line number="68" hits="1" branch="true" condition-coverage="100% (2/2)"/>
						<line number="69" hits="1"/>
						<line number="75" hits="1"/>
						<line number="77" hits="1"/>
						<line number="81" hits="1"/>
						<line number="86" hits="1"/>
						<line number="87" hits="1"/>
						<line number="93" hits="1"/>
						<line number="100" hits="1"/>
						<line number="103" hits="1"/>
						<line number="106" hits="1"/>
						<line number="108" hits="1"/>
					</lines>
				</class>
				<class name="audio_service.py" filename="services/audio_service.py" complexity="0" line-rate="0.8421" branch-rate="0.6818">
					<methods/>
					<lines>
						<line number="5" hits="1"/>
						<line number="6" hits="1"/>
						<line number="7" hits="1"/>
						<line number="8" hits="1"/>
						<line number="9" hits="1"/>
						<line number="12" hits="1"/>
						<line number="15" hits="1"/>
						<line number="17" hits="1"/>
						<line number="18" hits="1"/>
						<line number="19" hits="1"/>
						<line number="20" hits="1"/>
						<line number="21" hits="1"/>
						<line number="22" hits="1"/>
						<line number="25" hits="1"/>
						<line number="26" hits="1"/>
						<line number="27" hits="1"/>
						<line number="28" hits="1"/>
						<line number="30" hits="1"/>
						<line number="37" hits="1"/>
						<line number="38" hits="1"/>
						<line number="40" hits="1"/>
						<line number="42" hits="1" branch="true" condition-coverage="100% (2/2)"/>
						<line number="43" hits="1" branch="true" condition-coverage="100% (2/2)"/>
						<line number="44" hits="1"/>
						<line number="49" hits="1" branch="true" condition-coverage="100% (2/2)"/>
						<line number="50" hits="1"/>
						<line number="56" hits="1"/>
						<line number="57" hits="1"/>
						<line number="59" hits="1"/>
						<line number="66" hits="1"/>
						<line number="76" hits="1" branch="true" condition-coverage="100% (2/2)"/>
						<line number="77" hits="1"/>
						<line number="79" hits="1"/>
						<line number="80" hits="1"/>
						<line number="81" hits="1"/>
						<line number="82" hits="1"/>
						<line number="83" hits="1"/>
						<line number="85" hits="1"/>
						<line number="87" hits="1"/>
						<line number="88" hits="1" branch="true" condition-coverage="100% (2/2)"/>
						<line number="89" hits="1"/>
						<line number="90" hits="1"/>
						<line number="92" hits="1"/>
						<line number="102" hits="1" branch="true" condition-coverage="100% (2/2)"/>
						<line number="103" hits="1"/>
						<line number="105" hits="1"/>
						<line number="106" hits="1"/>
						<line number="107" hits="1"/>
						<line number="108" hits="1"/>
						<line number="109" hits="1"/>
						<line number="111" hits="1"/>
						<line number="113" hits="1"/>
						<line number="114" hits="1" branch="true" condition-coverage="100% (2/2)"/>
						<line number="115" hits="1"/>
						<line number="116" hits="1"/>
						<line number="118" hits="1"/>
						<line number="120" hits="1"/>
						<line number="121" hits="1"/>
						<line number="123" hits="0" branch="true" condition-coverage="0% (0/2)" missing-branches="exit,125"/>
						<line number="125" hits="0"/>
						<line number="126" hits="0"/>
						<line number="128" hits="1"/>
						<line number="135" hits="1" branch="true" condition-coverage="50% (1/2)" missing-branches="exit"/>
						<line number="136" hits="1"/>
						<line number="137" hits="0"/>
						<line number="138" hits="0"/>
						<line number="139" hits="0"/>
						<line number="141" hits="1"/>
						<line number="143" hits="0"/>
						<line number="148" hits="0" branch="true" condition-coverage="0% (0/2)" missing-branches="exit,150"/>
						<line number="150" hits="0"/>
						<line number="152" hits="0" branch="true" condition-coverage="0% (0/2)" missing-branches="153,155"/>
						<line number="153" hits="0"/>
						<line number="155" hits="0"/>
						<line number="156" hits="0"/>
						<line number="157" hits="0"/>
						<line number="158" hits="0"/>
						<line number="160" hits="1"/>
						<line number="170" hits="1"/>
						<line number="171" hits="1"/>
						<line number="177" hits="1"/>
						<line number="178" hits="1"/>
						<line number="179" hits="1"/>
						<line number="180" hits="1"/>
						<line number="181" hits="1"/>
						<line number="183" hits="1"/>
						<line number="191" hits="1"/>
						<line number="193" hits="1"/>
						<line number="194" hits="1"/>
						<line number="195" hits="1"/>
						<line number="196" hits="1"/>
						<line number="197" hits="1"/>
						<line number="199" hits="1"/>
						<line number="201" hits="1"/>
						<line number="202" hits="1"/>
					</lines>
				</class>
				<class name="azure_service.py" filename="services/azure_service.py" complexity="0" line-rate="0.4348" branch-rate="0.25">
					<methods/>
					<lines>
						<line number="4" hits="1"/>
						<line number="5" hits="1"/>
						<line number="6" hits="1"/>
						<line number="9" hits="1"/>
						<line number="12" hits="1"/>
						<line number="17" hits="1"/>
						<line number="18" hits="1"/>
						<line number="20" hits="1" branch="true" condition-coverage="50% (1/2)" missing-branches="23"/>
						<line number="21" hits="1"/>
						<line number="23" hits="0"/>
						<line number="28" hits="1"/>
						<line number="45" hits="0"/>
						<line number="52" hits="0"/>
						<line number="55" hits="0"/>
						<line number="56" hits="0"/>
						<line number="57" hits="0"/>
						<line number="59" hits="0"/>
						<line number="60" hits="0"/>
						<line number="65" hits="0"/>
						<line number="67" hits="0" branch="true" condition-coverage="0% (0/2)" missing-branches="68,82"/>
						<line number="68" hits="0"/>
						<line number="69" hits="0"/>
						<line number="82" hits="0"/>
					</lines>
				</class>
				<class name="evaluation_service.py" filename="services/evaluation_service.py" complexity="0" line-rate="1" branch-rate="1">
					<methods/>
					<lines>
						<line number="5" hits="1"/>
						<line number="6" hits="1"/>
						<line number="7" hits="1"/>
						<line number="8" hits="1"/>
						<line number="9" hits="1"/>
						<line number="12" hits="1"/>
						<line number="15" hits="1"/>
						<line number="21" hits="1"/>
						<line number="23" hits="1"/>
						<line number="24" hits="1"/>
						<line number="25" hits="1"/>
						<line number="27" hits="1"/>
						<line number="28" hits="1"/>
						<line number="30" hits="1"/>
						<line number="48" hits="1"/>
						<line number="49" hits="1" branch="true" condition-coverage="100% (2/2)"/>
						<line number="50" hits="1"/>
						<line number="55" hits="1"/>
						<line number="60" hits="1"/>
						<line number="61" hits="1"/>
						<line number="62" hits="1"/>
						<line number="63" hits="1"/>
						<line number="64" hits="1"/>
						<line number="66" hits="1" branch="true" condition-coverage="100% (2/2)"/>
						<line number="67" hits="1"/>
						<line number="68" hits="1"/>
						<line number="69" hits="1"/>
						<line number="70" hits="1"/>
						<line number="74" hits="1" branch="true" condition-coverage="100% (2/2)"/>
						<line number="75" hits="1"/>
						<line number="80" hits="1"/>
					</lines>
				</class>
				<class name="openai_service.py" filename="services/openai_service.py" complexity="0" line-rate="0.963" branch-rate="1">
					<methods/>
					<lines>
						<line number="4" hits="1"/>
						<line number="5" hits="1"/>
						<line number="6" hits="1"/>
						<line number="9" hits="1"/>
						<line number="12" hits="1"/>
						<line number="18" hits="1"/>
						<line number="19" hits="1" branch="true" condition-coverage="100% (2/2)"/>
						<line number="20" hits="1"/>
						<line number="21" hits="1"/>
						<line number="23" hits="1"/>
						<line number="25" hits="1"/>
						<line number="36" hits="0"/>
						<line number="38" hits="1"/>
						<line number="48" hits="1"/>
						<line number="71" hits="1"/>
						<line number="72" hits="1"/>
						<line number="81" hits="1"/>
						<line number="82" hits="1" branch="true" condition-coverage="100% (2/2)"/>
						<line number="83" hits="1"/>
						<line number="84" hits="1"/>
						<line number="85" hits="1"/>
						<line number="86" hits="1"/>
						<line number="95" hits="1"/>
						<line number="96" hits="1"/>
						<line number="97" hits="1"/>
						<line number="98" hits="1"/>
						<line number="99" hits="1"/>
					</lines>
				</class>
				<class name="realtime_service.py" filename="services/realtime_service.py" complexity="0" line-rate="0.08824" branch-rate="0">
					<methods/>
					<lines>
						<line number="4" hits="1"/>
						<line number="5" hits="1"/>
						<line number="6" hits="1"/>
						<line number="7" hits="1"/>
						<line number="8" hits="1"/>
						<line number="9" hits="1"/>
						<line number="10" hits="1"/>
						<line number="13" hits="1"/>
						<line number="16" hits="1"/>
						<line number="21" hits="0"/>
						<line number="22" hits="0" branch="true" condition-coverage="0% (0/2)" missing-branches="23,24"/>
						<line number="23" hits="0"/>
						<line number="24" hits="0"/>
						<line number="27" hits="0"/>
						<line number="28" hits="0"/>
						<line number="29" hits="0"/>
						<line number="32" hits="0"/>
						<line number="33" hits="0"/>
						<line number="34" hits="0"/>
						<line number="35" hits="0"/>
						<line number="38" hits="0"/>
						<line number="39" hits="0"/>
						<line number="41" hits="1"/>
						<line number="64" hits="0"/>
						<line number="65" hits="0"/>
						<line number="66" hits="0"/>
						<line number="67" hits="0"/>
						<line number="68" hits="0"/>
						<line number="69" hits="0"/>
						<line number="73" hits="0"/>
						<line number="79" hits="0"/>
						<line number="82" hits="0"/>
						<line number="85" hits="0" branch="true" condition-coverage="0% (0/2)" missing-branches="86,114"/>
						<line number="86" hits="0"/>
						<line number="88" hits="0"/>
						<line number="109" hits="0"/>
						<line number="110" hits="0"/>
						<line number="114" hits="0"/>
						<line number="116" hits="0"/>
						<line number="117" hits="0"/>
						<line number="118" hits="0"/>
						<line number="120" hits="0"/>
						<line number="121" hits="0"/>
						<line number="122" hits="0" branch="true" condition-coverage="0% (0/2)" missing-branches="123,124"/>
						<line number="123" hits="0"/>
						<line number="124" hits="0"/>
						<line number="125" hits="0"/>
						<line number="127" hits="1"/>
						<line number="129" hits="0" branch="true" condition-coverage="0% (0/2)" missing-branches="130,133"/>
						<line number="130" hits="0"/>
						<line number="133" hits="0"/>
						<line number="135" hits="0" branch="true" condition-coverage="0% (0/2)" missing-branches="exit,136"/>
						<line number="136" hits="0"/>
						<line number="138" hits="0" branch="true" condition-coverage="0% (0/2)" missing-branches="139,150"/>
						<line number="139" hits="0"/>
						<line number="140" hits="0" branch="true" condition-coverage="0% (0/2)" missing-branches="142,150"/>
						<line number="142" hits="0" branch="true" condition-coverage="0% (0/2)" missing-branches="143,150"/>
						<line number="143" hits="0" branch="true" condition-coverage="0% (0/2)" missing-branches="142,144"/>
						<line number="144" hits="0"/>
						<line number="147" hits="0"/>
						<line number="149" hits="0"/>
						<line number="150" hits="0"/>
						<line number="153" hits="0"/>
						<line number="154" hits="0"/>
						<line number="155" hits="0" branch="true" condition-coverage="0% (0/2)" missing-branches="exit,156"/>
						<line number="156" hits="0"/>
						<line number="157" hits="0"/>
						<line number="158" hits="0"/>
						<line number="159" hits="0" branch="true" condition-coverage="0% (0/2)" missing-branches="160,161"/>
						<line number="160" hits="0"/>
						<line number="161" hits="0"/>
						<line number="162" hits="0"/>
						<line number="164" hits="0"/>
						<line number="165" hits="0"/>
						<line number="168" hits="0"/>
						<line number="169" hits="0"/>
						<line number="171" hits="1"/>
						<line number="173" hits="0"/>
						<line number="176" hits="0" branch="true" condition-coverage="0% (0/2)" missing-branches="177,179"/>
						<line number="177" hits="0"/>
						<line number="179" hits="0" branch="true" condition-coverage="0% (0/2)" missing-branches="181,189"/>
						<line number="181" hits="0" branch="true" condition-coverage="0% (0/2)" missing-branches="exit,182"/>
						<line number="182" hits="0"/>
						<line number="184" hits="0"/>
						<line number="185" hits="0"/>
						<line number="186" hits="0"/>
						<line number="187" hits="0"/>
						<line number="189" hits="0" branch="true" condition-coverage="0% (0/2)" missing-branches="191,194"/>
						<line number="191" hits="0" branch="true" condition-coverage="0% (0/2)" missing-branches="exit,192"/>
						<line number="192" hits="0"/>
						<line number="194" hits="0" branch="true" condition-coverage="0% (0/2)" missing-branches="196,209"/>
						<line number="196" hits="0" branch="true" condition-coverage="0% (0/2)" missing-branches="exit,197"/>
						<line number="197" hits="0" branch="true" condition-coverage="0% (0/2)" missing-branches="exit,199"/>
						<line number="199" hits="0" branch="true" condition-coverage="0% (0/2)" missing-branches="exit,200"/>
						<line number="200" hits="0" branch="true" condition-coverage="0% (0/2)" missing-branches="199,202"/>
						<line number="202" hits="0" branch="true" condition-coverage="0% (0/2)" missing-branches="199,203"/>
						<line number="203" hits="0"/>
						<line number="204" hits="0"/>
						<line number="205" hits="0"/>
						<line number="206" hits="0"/>
						<line number="207" hits="0"/>
						<line number="209" hits="0" branch="true" condition-coverage="0% (0/2)" missing-branches="211,213"/>
						<line number="211" hits="0"/>
						<line number="213" hits="0" branch="true" condition-coverage="0% (0/2)" missing-branches="215,218"/>
						<line number="215" hits="0" branch="true" condition-coverage="0% (0/2)" missing-branches="exit,216"/>
						<line number="216" hits="0"/>
						<line number="218" hits="0" branch="true" condition-coverage="0% (0/2)" missing-branches="220,225"/>
						<line number="220" hits="0" branch="true" condition-coverage="0% (0/2)" missing-branches="exit,221"/>
						<line number="221" hits="0"/>
						<line number="222" hits="0"/>
						<line number="223" hits="0"/>
						<line number="225" hits="0" branch="true" condition-coverage="0% (0/2)" missing-branches="227,229"/>
						<line number="227" hits="0"/>
						<line number="229" hits="0" branch="true" condition-coverage="0% (0/2)" missing-branches="231,233"/>
						<line number="231" hits="0"/>
						<line number="233" hits="0" branch="true" condition-coverage="0% (0/2)" missing-branches="235,237"/>
						<line number="235" hits="0"/>
						<line number="237" hits="0" branch="true" condition-coverage="0% (0/2)" missing-branches="239,241"/>
						<line number="239" hits="0"/>
						<line number="241" hits="0" branch="true" condition-coverage="0% (0/2)" missing-branches="243,245"/>
						<line number="243" hits="0"/>
						<line number="245" hits="0" branch="true" condition-coverage="0% (0/2)" missing-branches="exit,247"/>
						<line number="247" hits="0"/>
						<line number="248" hits="0" branch="true" condition-coverage="0% (0/2)" missing-branches="250,259"/>
						<line number="250" hits="0" branch="true" condition-coverage="0% (0/2)" missing-branches="251,252"/>
						<line number="251" hits="0"/>
						<line number="252" hits="0" branch="true" condition-coverage="0% (0/2)" missing-branches="253,254"/>
						<line number="253" hits="0"/>
						<line number="254" hits="0" branch="true" condition-coverage="0% (0/2)" missing-branches="255,257"/>
						<line number="255" hits="0"/>
						<line number="257" hits="0"/>
						<line number="259" hits="0"/>
						<line number="261" hits="0" branch="true" condition-coverage="0% (0/2)" missing-branches="262,263"/>
						<line number="262" hits="0"/>
						<line number="263" hits="0"/>
						<line number="265" hits="1"/>
						<line number="275" hits="0" branch="true" condition-coverage="0% (0/2)" missing-branches="276,278"/>
						<line number="276" hits="0"/>
						<line number="278" hits="0"/>
						<line number="280" hits="0"/>
						<line number="283" hits="0"/>
						<line number="288" hits="0"/>
						<line number="290" hits="0"/>
						<line number="291" hits="0"/>
						<line number="292" hits="0" branch="true" condition-coverage="0% (0/2)" missing-branches="293,294"/>
						<line number="293" hits="0"/>
						<line number="294" hits="0"/>
						<line number="295" hits="0"/>
						<line number="297" hits="1"/>
						<line number="307" hits="0" branch="true" condition-coverage="0% (0/2)" missing-branches="308,310"/>
						<line number="308" hits="0"/>
						<line number="310" hits="0"/>
						<line number="312" hits="0"/>
						<line number="327" hits="0"/>
						<line number="331" hits="0"/>
						<line number="333" hits="0"/>
						<line number="334" hits="0"/>
						<line number="335" hits="0" branch="true" condition-coverage="0% (0/2)" missing-branches="336,337"/>
						<line number="336" hits="0"/>
						<line number="337" hits="0"/>
						<line number="338" hits="0"/>
						<line number="340" hits="1"/>
						<line number="342" hits="0" branch="true" condition-coverage="0% (0/2)" missing-branches="exit,343"/>
						<line number="343" hits="0"/>
						<line number="345" hits="0"/>
						<line number="346" hits="0"/>
						<line number="347" hits="0"/>
						<line number="349" hits="0"/>
						<line number="350" hits="0"/>
						<line number="351" hits="0"/>
					</lines>
				</class>
				<class name="storage_service.py" filename="services/storage_service.py" complexity="0" line-rate="0.7816" branch-rate="0.9286">
					<methods/>
					<lines>
						<line number="5" hits="1"/>
						<line number="6" hits="1"/>
						<line number="7" hits="1"/>
						<line number="8" hits="1"/>
						<line number="9" hits="1"/>
						<line number="10" hits="1"/>
						<line number="13" hits="1"/>
						<line number="16" hits="1"/>
						<line number="22" hits="1"/>
						<line number="23" hits="1"/>
						<line number="25" hits="1"/>
						<line number="36" hits="1"/>
						<line number="38" hits="1" branch="true" condition-coverage="100% (2/2)"/>
						<line number="39" hits="1"/>
						<line number="40" hits="1"/>
						<line number="43" hits="1"/>
						<line number="46" hits="1"/>
						<line number="47" hits="1"/>
						<line number="49" hits="1"/>
						<line number="50" hits="1"/>
						<line number="51" hits="1"/>
						<line number="52" hits="1"/>
						<line number="54" hits="1"/>
						<line number="61" hits="1"/>
						<line number="62" hits="1"/>
						<line number="64" hits="1" branch="true" condition-coverage="100% (2/2)"/>
						<line number="65" hits="1"/>
						<line number="67" hits="1"/>
						<line number="68" hits="1"/>
						<line number="74" hits="0"/>
						<line number="75" hits="0"/>
						<line number="78" hits="1"/>
						<line number="79" hits="1"/>
						<line number="80" hits="0"/>
						<line number="81" hits="0"/>
						<line number="82" hits="0"/>
						<line number="84" hits="1"/>
						<line number="94" hits="1"/>
						<line number="95" hits="1"/>
						<line number="96" hits="1" branch="true" condition-coverage="100% (2/2)"/>
						<line number="97" hits="1"/>
						<line number="99" hits="1"/>
						<line number="100" hits="1"/>
						<line number="101" hits="0"/>
						<line number="102" hits="0"/>
						<line number="103" hits="0"/>
						<line number="105" hits="1"/>
						<line number="116" hits="1"/>
						<line number="118" hits="1"/>
						<line number="119" hits="1"/>
						<line number="122" hits="1"/>
						<line number="125" hits="1"/>
						<line number="126" hits="1"/>
						<line number="128" hits="1"/>
						<line number="129" hits="0"/>
						<line number="130" hits="0"/>
						<line number="131" hits="0"/>
						<line number="133" hits="1"/>
						<line number="143" hits="1"/>
						<line number="144" hits="1"/>
						<line number="145" hits="1"/>
						<line number="147" hits="1" branch="true" condition-coverage="100% (2/2)"/>
						<line number="148" hits="1"/>
						<line number="150" hits="1"/>
						<line number="151" hits="1"/>
						<line number="152" hits="0"/>
						<line number="153" hits="0"/>
						<line number="154" hits="0"/>
						<line number="156" hits="1"/>
						<line number="166" hits="1"/>
						<line number="167" hits="1"/>
						<line number="169" hits="1" branch="true" condition-coverage="100% (2/2)"/>
						<line number="171" hits="1"/>
						<line number="172" hits="1" branch="true" condition-coverage="50% (1/2)" missing-branches="179"/>
						<line number="173" hits="1"/>
						<line number="176" hits="1" branch="true" condition-coverage="100% (2/2)"/>
						<line number="177" hits="1"/>
						<line number="179" hits="1"/>
						<line number="180" hits="0"/>
						<line number="181" hits="0"/>
						<line number="182" hits="0"/>
						<line number="184" hits="1"/>
						<line number="191" hits="1"/>
						<line number="192" hits="1"/>
						<line number="193" hits="1"/>
						<line number="194" hits="0"/>
						<line number="195" hits="0"/>
					</lines>
				</class>
			</classes>
		</package>
	</packages>
</coverage>
