<?xml version="1.0" ?>
<coverage version="7.13.2" timestamp="1769764924696" lines-valid="1916" lines-covered="28" line-rate="0.01461" branches-valid="628" branches-covered="4" branch-rate="0.006369" complexity="0">
	<!-- Generated by coverage.py: https://coverage.readthedocs.io/en/7.13.2 -->
	<!-- Based on https://raw.githubusercontent.com/cobertura/web/master/htdocs/xml/coverage-04.dtd -->
	<sources>
		<source>/Users/ojjoiio/Documents/english_skill_tester-main6/app</source>
	</sources>
	<packages>
		<package name="." line-rate="0" branch-rate="0" complexity="0">
			<classes>
				<class name="__init__.py" filename="__init__.py" complexity="0" line-rate="1" branch-rate="1">
					<methods/>
					<lines/>
				</class>
				<class name="config.py" filename="config.py" complexity="0" line-rate="0" branch-rate="0">
					<methods/>
					<lines>
						<line number="4" hits="0"/>
						<line number="5" hits="0"/>
						<line number="6" hits="0"/>
						<line number="9" hits="0"/>
						<line number="16" hits="0" branch="true" condition-coverage="0% (0/2)" missing-branches="18,23"/>
						<line number="18" hits="0"/>
						<line number="19" hits="0" branch="true" condition-coverage="0% (0/2)" missing-branches="20,29"/>
						<line number="20" hits="0"/>
						<line number="21" hits="0"/>
						<line number="22" hits="0"/>
						<line number="23" hits="0" branch="true" condition-coverage="0% (0/2)" missing-branches="25,29"/>
						<line number="25" hits="0"/>
						<line number="26" hits="0"/>
						<line number="27" hits="0"/>
						<line number="29" hits="0"/>
						<line number="32" hits="0"/>
						<line number="39" hits="0"/>
						<line number="42" hits="0"/>
						<line number="49" hits="0"/>
						<line number="53" hits="0"/>
						<line number="56" hits="0"/>
						<line number="59" hits="0"/>
					</lines>
				</class>
			</classes>
		</package>
		<package name="gui" line-rate="0" branch-rate="0" complexity="0">
			<classes>
				<class name="__init__.py" filename="gui/__init__.py" complexity="0" line-rate="1" branch-rate="1">
					<methods/>
					<lines/>
				</class>
				<class name="conversation_window.py" filename="gui/conversation_window.py" complexity="0" line-rate="0" branch-rate="0">
					<methods/>
					<lines>
						<line number="5" hits="0"/>
						<line number="6" hits="0"/>
						<line number="7" hits="0"/>
						<line number="8" hits="0"/>
						<line number="9" hits="0"/>
						<line number="10" hits="0"/>
						<line number="11" hits="0"/>
						<line number="12" hits="0"/>
						<line number="13" hits="0"/>
						<line number="14" hits="0"/>
						<line number="15" hits="0"/>
						<line number="16" hits="0"/>
						<line number="17" hits="0"/>
						<line number="18" hits="0"/>
						<line number="19" hits="0"/>
						<line number="20" hits="0"/>
						<line number="21" hits="0"/>
						<line number="22" hits="0"/>
						<line number="23" hits="0"/>
						<line number="24" hits="0"/>
						<line number="25" hits="0"/>
						<line number="28" hits="0"/>
						<line number="31" hits="0"/>
						<line number="38" hits="0"/>
						<line number="41" hits="0"/>
						<line number="42" hits="0"/>
						<line number="43" hits="0"/>
						<line number="44" hits="0"/>
						<line number="45" hits="0"/>
						<line number="48" hits="0"/>
						<line number="77" hits="0"/>
						<line number="78" hits="0"/>
						<line number="81" hits="0"/>
						<line number="82" hits="0"/>
						<line number="83" hits="0"/>
						<line number="84" hits="0"/>
						<line number="85" hits="0"/>
						<line number="88" hits="0"/>
						<line number="89" hits="0"/>
						<line number="90" hits="0"/>
						<line number="91" hits="0"/>
						<line number="92" hits="0"/>
						<line number="95" hits="0"/>
						<line number="96" hits="0"/>
						<line number="97" hits="0"/>
						<line number="98" hits="0"/>
						<line number="101" hits="0"/>
						<line number="106" hits="0"/>
						<line number="107" hits="0"/>
						<line number="110" hits="0"/>
						<line number="113" hits="0"/>
						<line number="114" hits="0"/>
						<line number="115" hits="0"/>
						<line number="118" hits="0"/>
						<line number="119" hits="0"/>
						<line number="122" hits="0"/>
						<line number="125" hits="0"/>
						<line number="126" hits="0"/>
						<line number="127" hits="0"/>
						<line number="132" hits="0"/>
						<line number="135" hits="0"/>
						<line number="136" hits="0"/>
						<line number="137" hits="0"/>
						<line number="138" hits="0"/>
						<line number="141" hits="0"/>
						<line number="142" hits="0"/>
						<line number="143" hits="0"/>
						<line number="146" hits="0"/>
						<line number="149" hits="0"/>
						<line number="152" hits="0"/>
						<line number="155" hits="0"/>
						<line number="156" hits="0"/>
						<line number="159" hits="0"/>
						<line number="162" hits="0"/>
						<line number="165" hits="0"/>
						<line number="168" hits="0"/>
						<line number="171" hits="0"/>
						<line number="172" hits="0"/>
						<line number="181" hits="0"/>
						<line number="184" hits="0"/>
						<line number="187" hits="0"/>
						<line number="190" hits="0"/>
						<line number="193" hits="0"/>
						<line number="196" hits="0"/>
						<line number="201" hits="0"/>
						<line number="202" hits="0"/>
						<line number="205" hits="0"/>
						<line number="206" hits="0"/>
						<line number="210" hits="0"/>
						<line number="213" hits="0"/>
						<line number="214" hits="0"/>
						<line number="217" hits="0"/>
						<line number="226" hits="0"/>
						<line number="229" hits="0"/>
						<line number="234" hits="0"/>
						<line number="238" hits="0"/>
						<line number="247" hits="0"/>
						<line number="254" hits="0"/>
						<line number="263" hits="0"/>
						<line number="274" hits="0"/>
						<line number="286" hits="0"/>
						<line number="294" hits="0"/>
						<line number="317" hits="0"/>
						<line number="334" hits="0"/>
						<line number="362" hits="0"/>
						<line number="364" hits="0"/>
						<line number="366" hits="0"/>
						<line number="368" hits="0" branch="true" condition-coverage="0% (0/2)" missing-branches="369,379"/>
						<line number="369" hits="0"/>
						<line number="370" hits="0"/>
						<line number="375" hits="0"/>
						<line number="376" hits="0"/>
						<line number="377" hits="0"/>
						<line number="379" hits="0"/>
						<line number="388" hits="0" branch="true" condition-coverage="0% (0/2)" missing-branches="389,391"/>
						<line number="389" hits="0"/>
						<line number="391" hits="0"/>
						<line number="393" hits="0"/>
						<line number="396" hits="0"/>
						<line number="398" hits="0"/>
						<line number="400" hits="0"/>
						<line number="402" hits="0"/>
						<line number="404" hits="0" branch="true" condition-coverage="0% (0/2)" missing-branches="405,419"/>
						<line number="405" hits="0" branch="true" condition-coverage="0% (0/2)" missing-branches="404,406"/>
						<line number="406" hits="0"/>
						<line number="407" hits="0"/>
						<line number="412" hits="0" branch="true" condition-coverage="0% (0/2)" missing-branches="413,414"/>
						<line number="413" hits="0"/>
						<line number="414" hits="0" branch="true" condition-coverage="0% (0/2)" missing-branches="415,417"/>
						<line number="415" hits="0"/>
						<line number="417" hits="0"/>
						<line number="419" hits="0"/>
						<line number="421" hits="0"/>
						<line number="424" hits="0"/>
						<line number="426" hits="0"/>
						<line number="428" hits="0"/>
						<line number="430" hits="0" branch="true" condition-coverage="0% (0/2)" missing-branches="431,438"/>
						<line number="431" hits="0"/>
						<line number="432" hits="0"/>
						<line number="434" hits="0"/>
						<line number="436" hits="0"/>
						<line number="438" hits="0"/>
						<line number="441" hits="0"/>
						<line number="442" hits="0" branch="true" condition-coverage="0% (0/2)" missing-branches="443,446"/>
						<line number="443" hits="0"/>
						<line number="446" hits="0"/>
						<line number="447" hits="0" branch="true" condition-coverage="0% (0/2)" missing-branches="exit,448"/>
						<line number="448" hits="0"/>
						<line number="450" hits="0"/>
						<line number="451" hits="0"/>
						<line number="452" hits="0"/>
						<line number="454" hits="0"/>
						<line number="456" hits="0" branch="true" condition-coverage="0% (0/2)" missing-branches="457,459"/>
						<line number="457" hits="0"/>
						<line number="459" hits="0"/>
						<line number="461" hits="0"/>
						<line number="462" hits="0"/>
						<line number="464" hits="0" branch="true" condition-coverage="0% (0/2)" missing-branches="466,474"/>
						<line number="466" hits="0" branch="true" condition-coverage="0% (0/2)" missing-branches="468,479"/>
						<line number="468" hits="0"/>
						<line number="471" hits="0"/>
						<line number="474" hits="0"/>
						<line number="479" hits="0"/>
						<line number="482" hits="0" branch="true" condition-coverage="0% (0/2)" missing-branches="exit,483"/>
						<line number="483" hits="0"/>
						<line number="484" hits="0"/>
						<line number="485" hits="0"/>
						<line number="486" hits="0"/>
						<line number="488" hits="0"/>
						<line number="490" hits="0" branch="true" condition-coverage="0% (0/2)" missing-branches="491,493"/>
						<line number="491" hits="0"/>
						<line number="493" hits="0"/>
						<line number="495" hits="0"/>
						<line number="496" hits="0"/>
						<line number="497" hits="0" branch="true" condition-coverage="0% (0/2)" missing-branches="498,502"/>
						<line number="498" hits="0"/>
						<line number="501" hits="0"/>
						<line number="502" hits="0" branch="true" condition-coverage="0% (0/2)" missing-branches="503,504"/>
						<line number="503" hits="0"/>
						<line number="504" hits="0"/>
						<line number="507" hits="0"/>
						<line number="509" hits="0" branch="true" condition-coverage="0% (0/2)" missing-branches="511,543"/>
						<line number="511" hits="0"/>
						<line number="516" hits="0"/>
						<line number="518" hits="0" branch="true" condition-coverage="0% (0/2)" missing-branches="519,521"/>
						<line number="519" hits="0"/>
						<line number="520" hits="0"/>
						<line number="521" hits="0"/>
						<line number="524" hits="0"/>
						<line number="529" hits="0" branch="true" condition-coverage="0% (0/2)" missing-branches="530,537"/>
						<line number="530" hits="0"/>
						<line number="535" hits="0"/>
						<line number="537" hits="0" branch="true" condition-coverage="0% (0/2)" missing-branches="538,549"/>
						<line number="538" hits="0"/>
						<line number="541" hits="0"/>
						<line number="543" hits="0" branch="true" condition-coverage="0% (0/2)" missing-branches="544,549"/>
						<line number="544" hits="0"/>
						<line number="547" hits="0"/>
						<line number="549" hits="0" branch="true" condition-coverage="0% (0/2)" missing-branches="550,551"/>
						<line number="550" hits="0"/>
						<line number="551" hits="0"/>
						<line number="553" hits="0"/>
						<line number="554" hits="0"/>
						<line number="555" hits="0" branch="true" condition-coverage="0% (0/2)" missing-branches="556,558"/>
						<line number="556" hits="0"/>
						<line number="557" hits="0"/>
						<line number="558" hits="0" branch="true" condition-coverage="0% (0/2)" missing-branches="559,560"/>
						<line number="559" hits="0"/>
						<line number="560" hits="0"/>
						<line number="562" hits="0"/>
						<line number="565" hits="0"/>
						<line number="566" hits="0"/>
						<line number="568" hits="0"/>
						<line number="570" hits="0" branch="true" condition-coverage="0% (0/2)" missing-branches="571,573"/>
						<line number="571" hits="0"/>
						<line number="573" hits="0"/>
						<line number="575" hits="0"/>
						<line number="576" hits="0" branch="true" condition-coverage="0% (0/2)" missing-branches="exit,578"/>
						<line number="578" hits="0"/>
						<line number="579" hits="0"/>
						<line number="580" hits="0" branch="true" condition-coverage="0% (0/2)" missing-branches="581,586"/>
						<line number="581" hits="0"/>
						<line number="583" hits="0"/>
						<line number="584" hits="0"/>
						<line number="586" hits="0" branch="true" condition-coverage="0% (0/2)" missing-branches="587,593"/>
						<line number="587" hits="0"/>
						<line number="593" hits="0"/>
						<line number="595" hits="0" branch="true" condition-coverage="0% (0/2)" missing-branches="exit,596"/>
						<line number="596" hits="0"/>
						<line number="597" hits="0"/>
						<line number="598" hits="0"/>
						<line number="599" hits="0"/>
						<line number="601" hits="0"/>
						<line number="603" hits="0" branch="true" condition-coverage="0% (0/2)" missing-branches="604,606"/>
						<line number="604" hits="0"/>
						<line number="606" hits="0"/>
						<line number="608" hits="0"/>
						<line number="609" hits="0" branch="true" condition-coverage="0% (0/2)" missing-branches="exit,610"/>
						<line number="610" hits="0"/>
						<line number="611" hits="0"/>
						<line number="612" hits="0" branch="true" condition-coverage="0% (0/2)" missing-branches="613,617"/>
						<line number="613" hits="0"/>
						<line number="614" hits="0"/>
						<line number="615" hits="0"/>
						<line number="617" hits="0" branch="true" condition-coverage="0% (0/2)" missing-branches="618,624"/>
						<line number="618" hits="0"/>
						<line number="624" hits="0"/>
						<line number="628" hits="0" branch="true" condition-coverage="0% (0/2)" missing-branches="exit,632"/>
						<line number="632" hits="0"/>
						<line number="633" hits="0"/>
						<line number="634" hits="0"/>
						<line number="635" hits="0"/>
						<line number="637" hits="0"/>
						<line number="640" hits="0" branch="true" condition-coverage="0% (0/2)" missing-branches="641,644"/>
						<line number="641" hits="0"/>
						<line number="644" hits="0" branch="true" condition-coverage="0% (0/2)" missing-branches="645,647"/>
						<line number="645" hits="0"/>
						<line number="647" hits="0" branch="true" condition-coverage="0% (0/2)" missing-branches="649,652"/>
						<line number="649" hits="0"/>
						<line number="652" hits="0"/>
						<line number="655" hits="0"/>
						<line number="662" hits="0"/>
						<line number="671" hits="0"/>
						<line number="679" hits="0"/>
						<line number="686" hits="0"/>
						<line number="694" hits="0"/>
						<line number="697" hits="0"/>
						<line number="704" hits="0"/>
						<line number="707" hits="0"/>
						<line number="708" hits="0" branch="true" condition-coverage="0% (0/2)" missing-branches="710,717"/>
						<line number="710" hits="0" branch="true" condition-coverage="0% (0/2)" missing-branches="711,717"/>
						<line number="711" hits="0"/>
						<line number="712" hits="0"/>
						<line number="713" hits="0"/>
						<line number="714" hits="0"/>
						<line number="715" hits="0"/>
						<line number="717" hits="0"/>
						<line number="747" hits="0"/>
						<line number="749" hits="0"/>
						<line number="751" hits="0"/>
						<line number="754" hits="0"/>
						<line number="761" hits="0"/>
						<line number="770" hits="0"/>
						<line number="779" hits="0"/>
						<line number="790" hits="0"/>
						<line number="800" hits="0"/>
						<line number="801" hits="0"/>
						<line number="809" hits="0"/>
						<line number="842" hits="0"/>
						<line number="850" hits="0"/>
						<line number="853" hits="0"/>
						<line number="860" hits="0"/>
						<line number="863" hits="0"/>
						<line number="864" hits="0" branch="true" condition-coverage="0% (0/2)" missing-branches="865,877"/>
						<line number="865" hits="0" branch="true" condition-coverage="0% (0/2)" missing-branches="866,882"/>
						<line number="866" hits="0"/>
						<line number="867" hits="0"/>
						<line number="868" hits="0"/>
						<line number="869" hits="0"/>
						<line number="870" hits="0"/>
						<line number="872" hits="0" branch="true" condition-coverage="0% (0/2)" missing-branches="873,882"/>
						<line number="873" hits="0"/>
						<line number="874" hits="0"/>
						<line number="877" hits="0" branch="true" condition-coverage="0% (0/2)" missing-branches="878,882"/>
						<line number="878" hits="0"/>
						<line number="879" hits="0"/>
						<line number="882" hits="0"/>
						<line number="885" hits="0"/>
						<line number="942" hits="0"/>
						<line number="944" hits="0"/>
						<line number="1007" hits="0"/>
						<line number="1009" hits="0"/>
						<line number="1011" hits="0" branch="true" condition-coverage="0% (0/2)" missing-branches="1012,1014"/>
						<line number="1012" hits="0"/>
						<line number="1014" hits="0"/>
						<line number="1017" hits="0" branch="true" condition-coverage="0% (0/2)" missing-branches="1019,1023"/>
						<line number="1019" hits="0" branch="true" condition-coverage="0% (0/2)" missing-branches="1020,1026"/>
						<line number="1020" hits="0"/>
						<line number="1023" hits="0" branch="true" condition-coverage="0% (0/2)" missing-branches="1024,1026"/>
						<line number="1024" hits="0"/>
						<line number="1026" hits="0"/>
						<line number="1028" hits="0"/>
						<line number="1031" hits="0"/>
						<line number="1040" hits="0"/>
						<line number="1049" hits="0"/>
						<line number="1059" hits="0"/>
						<line number="1062" hits="0"/>
						<line number="1065" hits="0"/>
						<line number="1067" hits="0"/>
						<line number="1098" hits="0"/>
						<line number="1100" hits="0"/>
						<line number="1103" hits="0"/>
						<line number="1106" hits="0"/>
						<line number="1109" hits="0"/>
						<line number="1117" hits="0"/>
						<line number="1126" hits="0"/>
						<line number="1152" hits="0"/>
						<line number="1154" hits="0" branch="true" condition-coverage="0% (0/2)" missing-branches="exit,1156"/>
						<line number="1156" hits="0"/>
						<line number="1158" hits="0"/>
						<line number="1160" hits="0" branch="true" condition-coverage="0% (0/2)" missing-branches="1161,1176"/>
						<line number="1161" hits="0"/>
						<line number="1162" hits="0"/>
						<line number="1163" hits="0" branch="true" condition-coverage="0% (0/2)" missing-branches="1164,1171"/>
						<line number="1164" hits="0"/>
						<line number="1165" hits="0" branch="true" condition-coverage="0% (0/2)" missing-branches="exit,1166"/>
						<line number="1166" hits="0"/>
						<line number="1169" hits="0"/>
						<line number="1171" hits="0"/>
						<line number="1172" hits="0"/>
						<line number="1173" hits="0"/>
						<line number="1176" hits="0"/>
						<line number="1178" hits="0"/>
						<line number="1180" hits="0"/>
						<line number="1189" hits="0"/>
						<line number="1194" hits="0"/>
						<line number="1200" hits="0"/>
						<line number="1201" hits="0"/>
						<line number="1203" hits="0"/>
						<line number="1219" hits="0"/>
						<line number="1222" hits="0"/>
						<line number="1259" hits="0"/>
						<line number="1296" hits="0"/>
						<line number="1304" hits="0"/>
						<line number="1311" hits="0"/>
						<line number="1364" hits="0"/>
						<line number="1366" hits="0" branch="true" condition-coverage="0% (0/2)" missing-branches="1367,1370"/>
						<line number="1367" hits="0"/>
						<line number="1370" hits="0" branch="true" condition-coverage="0% (0/2)" missing-branches="1372,1386"/>
						<line number="1372" hits="0" branch="true" condition-coverage="0% (0/2)" missing-branches="1373,1384"/>
						<line number="1373" hits="0"/>
						<line number="1381" hits="0" branch="true" condition-coverage="0% (0/2)" missing-branches="1382,1384"/>
						<line number="1382" hits="0"/>
						<line number="1383" hits="0"/>
						<line number="1384" hits="0"/>
						<line number="1386" hits="0"/>
						<line number="1387" hits="0" branch="true" condition-coverage="0% (0/2)" missing-branches="1392,1394"/>
						<line number="1392" hits="0"/>
						<line number="1394" hits="0"/>
						<line number="1395" hits="0"/>
						<line number="1398" hits="0" branch="true" condition-coverage="0% (0/2)" missing-branches="1400,1408"/>
						<line number="1400" hits="0"/>
						<line number="1402" hits="0" branch="true" condition-coverage="0% (0/2)" missing-branches="1403,1404"/>
						<line number="1403" hits="0"/>
						<line number="1404" hits="0"/>
						<line number="1405" hits="0"/>
						<line number="1408" hits="0" branch="true" condition-coverage="0% (0/2)" missing-branches="exit,1409"/>
						<line number="1409" hits="0" branch="true" condition-coverage="0% (0/2)" missing-branches="1410,1411"/>
						<line number="1410" hits="0"/>
						<line number="1411" hits="0"/>
						<line number="1415" hits="0"/>
						<line number="1418" hits="0"/>
						<line number="1421" hits="0"/>
						<line number="1422" hits="0" branch="true" condition-coverage="0% (0/2)" missing-branches="1423,1426"/>
						<line number="1423" hits="0"/>
						<line number="1426" hits="0" branch="true" condition-coverage="0% (0/2)" missing-branches="1427,1434"/>
						<line number="1427" hits="0"/>
						<line number="1428" hits="0"/>
						<line number="1429" hits="0"/>
						<line number="1430" hits="0" branch="true" condition-coverage="0% (0/2)" missing-branches="1426,1431"/>
						<line number="1431" hits="0"/>
						<line number="1434" hits="0"/>
						<line number="1435" hits="0"/>
						<line number="1436" hits="0" branch="true" condition-coverage="0% (0/2)" missing-branches="1437,1440"/>
						<line number="1437" hits="0"/>
						<line number="1440" hits="0" branch="true" condition-coverage="0% (0/2)" missing-branches="1441,1450"/>
						<line number="1441" hits="0"/>
						<line number="1444" hits="0" branch="true" condition-coverage="0% (0/2)" missing-branches="1440,1445"/>
						<line number="1445" hits="0"/>
						<line number="1448" hits="0"/>
						<line number="1450" hits="0"/>
						<line number="1452" hits="0"/>
						<line number="1455" hits="0"/>
						<line number="1456" hits="0"/>
						<line number="1459" hits="0"/>
						<line number="1462" hits="0" branch="true" condition-coverage="0% (0/2)" missing-branches="1463,1465"/>
						<line number="1463" hits="0"/>
						<line number="1464" hits="0"/>
						<line number="1465" hits="0" branch="true" condition-coverage="0% (0/2)" missing-branches="1466,1469"/>
						<line number="1466" hits="0"/>
						<line number="1469" hits="0" branch="true" condition-coverage="0% (0/2)" missing-branches="1470,1482"/>
						<line number="1470" hits="0"/>
						<line number="1471" hits="0"/>
						<line number="1472" hits="0" branch="true" condition-coverage="0% (0/2)" missing-branches="1476,1482"/>
						<line number="1476" hits="0"/>
						<line number="1479" hits="0"/>
						<line number="1482" hits="0" branch="true" condition-coverage="0% (0/2)" missing-branches="1483,1496"/>
						<line number="1483" hits="0"/>
						<line number="1484" hits="0"/>
						<line number="1485" hits="0"/>
						<line number="1486" hits="0"/>
						<line number="1489" hits="0" branch="true" condition-coverage="0% (0/2)" missing-branches="1490,1496"/>
						<line number="1490" hits="0"/>
						<line number="1493" hits="0"/>
						<line number="1496" hits="0" branch="true" condition-coverage="0% (0/2)" missing-branches="1497,1500"/>
						<line number="1497" hits="0"/>
						<line number="1500" hits="0" branch="true" condition-coverage="0% (0/2)" missing-branches="1501,1514"/>
						<line number="1501" hits="0"/>
						<line number="1504" hits="0" branch="true" condition-coverage="0% (0/2)" missing-branches="1505,1514"/>
						<line number="1505" hits="0"/>
						<line number="1506" hits="0"/>
						<line number="1507" hits="0"/>
						<line number="1509" hits="0" branch="true" condition-coverage="0% (0/2)" missing-branches="1510,1514"/>
						<line number="1510" hits="0"/>
						<line number="1511" hits="0"/>
						<line number="1514" hits="0" branch="true" condition-coverage="0% (0/2)" missing-branches="1515,1517"/>
						<line number="1515" hits="0"/>
						<line number="1517" hits="0"/>
						<line number="1519" hits="0"/>
						<line number="1521" hits="0" branch="true" condition-coverage="0% (0/2)" missing-branches="1522,1524"/>
						<line number="1522" hits="0"/>
						<line number="1524" hits="0"/>
						<line number="1527" hits="0" branch="true" condition-coverage="0% (0/2)" missing-branches="1529,1619"/>
						<line number="1529" hits="0"/>
						<line number="1532" hits="0" branch="true" condition-coverage="0% (0/2)" missing-branches="1533,1535"/>
						<line number="1533" hits="0"/>
						<line number="1535" hits="0"/>
						<line number="1540" hits="0"/>
						<line number="1549" hits="0" branch="true" condition-coverage="0% (0/2)" missing-branches="1550,1559"/>
						<line number="1550" hits="0"/>
						<line number="1551" hits="0"/>
						<line number="1552" hits="0"/>
						<line number="1554" hits="0" branch="true" condition-coverage="0% (0/2)" missing-branches="1555,1559"/>
						<line number="1555" hits="0"/>
						<line number="1556" hits="0"/>
						<line number="1559" hits="0"/>
						<line number="1560" hits="0"/>
						<line number="1562" hits="0"/>
						<line number="1564" hits="0"/>
						<line number="1565" hits="0"/>
						<line number="1567" hits="0"/>
						<line number="1569" hits="0"/>
						<line number="1570" hits="0"/>
						<line number="1571" hits="0"/>
						<line number="1572" hits="0"/>
						<line number="1574" hits="0"/>
						<line number="1575" hits="0"/>
						<line number="1577" hits="0"/>
						<line number="1586" hits="0" branch="true" condition-coverage="0% (0/2)" missing-branches="1587,1597"/>
						<line number="1587" hits="0"/>
						<line number="1590" hits="0"/>
						<line number="1593" hits="0"/>
						<line number="1597" hits="0" branch="true" condition-coverage="0% (0/2)" missing-branches="1598,1628"/>
						<line number="1598" hits="0"/>
						<line number="1599" hits="0"/>
						<line number="1600" hits="0"/>
						<line number="1602" hits="0" branch="true" condition-coverage="0% (0/2)" missing-branches="1603,1628"/>
						<line number="1603" hits="0"/>
						<line number="1604" hits="0"/>
						<line number="1605" hits="0"/>
						<line number="1606" hits="0"/>
						<line number="1607" hits="0" branch="true" condition-coverage="0% (0/2)" missing-branches="1608,1615"/>
						<line number="1608" hits="0"/>
						<line number="1609" hits="0"/>
						<line number="1610" hits="0"/>
						<line number="1612" hits="0" branch="true" condition-coverage="0% (0/2)" missing-branches="1613,1615"/>
						<line number="1613" hits="0"/>
						<line number="1614" hits="0"/>
						<line number="1615" hits="0"/>
						<line number="1619" hits="0" branch="true" condition-coverage="0% (0/2)" missing-branches="1620,1628"/>
						<line number="1620" hits="0"/>
						<line number="1621" hits="0"/>
						<line number="1622" hits="0"/>
						<line number="1624" hits="0" branch="true" condition-coverage="0% (0/2)" missing-branches="1625,1628"/>
						<line number="1625" hits="0"/>
						<line number="1626" hits="0"/>
						<line number="1628" hits="0"/>
						<line number="1630" hits="0"/>
						<line number="1633" hits="0" branch="true" condition-coverage="0% (0/2)" missing-branches="1634,1636"/>
						<line number="1634" hits="0"/>
						<line number="1636" hits="0"/>
						<line number="1638" hits="0" branch="true" condition-coverage="0% (0/2)" missing-branches="1639,1643"/>
						<line number="1639" hits="0"/>
						<line number="1643" hits="0"/>
						<line number="1644" hits="0"/>
						<line number="1645" hits="0"/>
						<line number="1648" hits="0" branch="true" condition-coverage="0% (0/2)" missing-branches="1649,1653"/>
						<line number="1649" hits="0"/>
						<line number="1653" hits="0"/>
						<line number="1654" hits="0"/>
						<line number="1658" hits="0"/>
						<line number="1659" hits="0"/>
						<line number="1662" hits="0"/>
						<line number="1663" hits="0"/>
						<line number="1666" hits="0" branch="true" condition-coverage="0% (0/2)" missing-branches="1667,1671"/>
						<line number="1667" hits="0"/>
						<line number="1668" hits="0"/>
						<line number="1671" hits="0" branch="true" condition-coverage="0% (0/2)" missing-branches="exit,1672"/>
						<line number="1672" hits="0"/>
						<line number="1674" hits="0"/>
						<line number="1675" hits="0"/>
						<line number="1677" hits="0"/>
						<line number="1679" hits="0"/>
						<line number="1682" hits="0"/>
						<line number="1689" hits="0"/>
						<line number="1692" hits="0"/>
						<line number="1694" hits="0" branch="true" condition-coverage="0% (0/2)" missing-branches="exit,1696"/>
						<line number="1696" hits="0" branch="true" condition-coverage="0% (0/2)" missing-branches="1697,1700"/>
						<line number="1697" hits="0"/>
						<line number="1698" hits="0"/>
						<line number="1700" hits="0"/>
						<line number="1703" hits="0"/>
						<line number="1704" hits="0" branch="true" condition-coverage="0% (0/2)" missing-branches="1706,1724"/>
						<line number="1706" hits="0"/>
						<line number="1707" hits="0"/>
						<line number="1710" hits="0" branch="true" condition-coverage="0% (0/2)" missing-branches="1714,1720"/>
						<line number="1714" hits="0"/>
						<line number="1717" hits="0"/>
						<line number="1718" hits="0"/>
						<line number="1720" hits="0" branch="true" condition-coverage="0% (0/2)" missing-branches="1722,1724"/>
						<line number="1722" hits="0"/>
						<line number="1724" hits="0" branch="true" condition-coverage="0% (0/2)" missing-branches="1726,1776"/>
						<line number="1726" hits="0" branch="true" condition-coverage="0% (0/2)" missing-branches="1727,1767"/>
						<line number="1727" hits="0"/>
						<line number="1729" hits="0"/>
						<line number="1730" hits="0"/>
						<line number="1731" hits="0"/>
						<line number="1732" hits="0"/>
						<line number="1734" hits="0" branch="true" condition-coverage="0% (0/2)" missing-branches="1738,1764"/>
						<line number="1738" hits="0"/>
						<line number="1739" hits="0" branch="true" condition-coverage="0% (0/2)" missing-branches="1740,1744"/>
						<line number="1740" hits="0"/>
						<line number="1741" hits="0"/>
						<line number="1742" hits="0"/>
						<line number="1743" hits="0"/>
						<line number="1744" hits="0"/>
						<line number="1746" hits="0"/>
						<line number="1747" hits="0"/>
						<line number="1748" hits="0"/>
						<line number="1755" hits="0"/>
						<line number="1756" hits="0"/>
						<line number="1757" hits="0"/>
						<line number="1758" hits="0"/>
						<line number="1761" hits="0"/>
						<line number="1764" hits="0"/>
						<line number="1767" hits="0"/>
						<line number="1769" hits="0"/>
						<line number="1770" hits="0" branch="true" condition-coverage="0% (0/2)" missing-branches="1694,1771"/>
						<line number="1771" hits="0"/>
						<line number="1776" hits="0"/>
						<line number="1778" hits="0"/>
						<line number="1779" hits="0"/>
						<line number="1781" hits="0"/>
						<line number="1782" hits="0"/>
						<line number="1783" hits="0"/>
						<line number="1785" hits="0"/>
						<line number="1787" hits="0" branch="true" condition-coverage="0% (0/2)" missing-branches="exit,1788"/>
						<line number="1788" hits="0"/>
						<line number="1789" hits="0"/>
						<line number="1790" hits="0"/>
						<line number="1791" hits="0"/>
						<line number="1792" hits="0"/>
						<line number="1794" hits="0"/>
						<line number="1796" hits="0"/>
						<line number="1799" hits="0"/>
						<line number="1801" hits="0"/>
						<line number="1803" hits="0"/>
						<line number="1806" hits="0"/>
						<line number="1808" hits="0"/>
						<line number="1815" hits="0" branch="true" condition-coverage="0% (0/2)" missing-branches="1820,1822"/>
						<line number="1820" hits="0"/>
						<line number="1822" hits="0"/>
						<line number="1824" hits="0"/>
						<line number="1825" hits="0"/>
						<line number="1828" hits="0"/>
						<line number="1831" hits="0"/>
						<line number="1832" hits="0"/>
						<line number="1835" hits="0"/>
						<line number="1840" hits="0"/>
						<line number="1843" hits="0" branch="true" condition-coverage="0% (0/2)" missing-branches="1844,1856"/>
						<line number="1844" hits="0"/>
						<line number="1845" hits="0"/>
						<line number="1848" hits="0"/>
						<line number="1849" hits="0" branch="true" condition-coverage="0% (0/2)" missing-branches="1850,1853"/>
						<line number="1850" hits="0"/>
						<line number="1853" hits="0"/>
						<line number="1856" hits="0" branch="true" condition-coverage="0% (0/2)" missing-branches="1857,1863"/>
						<line number="1857" hits="0"/>
						<line number="1858" hits="0"/>
						<line number="1863" hits="0" branch="true" condition-coverage="0% (0/2)" missing-branches="exit,1865"/>
						<line number="1865" hits="0"/>
						<line number="1866" hits="0"/>
						<line number="1869" hits="0"/>
						<line number="1870" hits="0"/>
						<line number="1873" hits="0"/>
						<line number="1876" hits="0" branch="true" condition-coverage="0% (0/2)" missing-branches="exit,1877"/>
						<line number="1877" hits="0"/>
						<line number="1878" hits="0"/>
						<line number="1879" hits="0" branch="true" condition-coverage="0% (0/2)" missing-branches="exit,1883"/>
						<line number="1883" hits="0"/>
						<line number="1886" hits="0"/>
						<line number="1888" hits="0"/>
						<line number="1889" hits="0"/>
						<line number="1892" hits="0"/>
						<line number="1893" hits="0"/>
						<line number="1894" hits="0"/>
						<line number="1901" hits="0"/>
						<line number="1902" hits="0" branch="true" condition-coverage="0% (0/2)" missing-branches="1903,1908"/>
						<line number="1903" hits="0"/>
						<line number="1904" hits="0"/>
						<line number="1905" hits="0"/>
						<line number="1908" hits="0"/>
						<line number="1909" hits="0" branch="true" condition-coverage="0% (0/2)" missing-branches="exit,1910"/>
						<line number="1910" hits="0"/>
						<line number="1911" hits="0"/>
						<line number="1912" hits="0"/>
						<line number="1913" hits="0"/>
						<line number="1914" hits="0"/>
						<line number="1916" hits="0"/>
						<line number="1918" hits="0"/>
						<line number="1921" hits="0"/>
						<line number="1923" hits="0"/>
						<line number="1926" hits="0" branch="true" condition-coverage="0% (0/2)" missing-branches="1927,1936"/>
						<line number="1927" hits="0"/>
						<line number="1928" hits="0"/>
						<line number="1929" hits="0"/>
						<line number="1930" hits="0"/>
						<line number="1931" hits="0"/>
						<line number="1933" hits="0"/>
						<line number="1936" hits="0" branch="true" condition-coverage="0% (0/2)" missing-branches="exit,1937"/>
						<line number="1937" hits="0"/>
						<line number="1938" hits="0"/>
						<line number="1940" hits="0"/>
						<line number="1943" hits="0"/>
						<line number="1945" hits="0"/>
						<line number="1947" hits="0"/>
						<line number="1949" hits="0"/>
						<line number="1952" hits="0"/>
						<line number="1954" hits="0"/>
						<line number="1955" hits="0" branch="true" condition-coverage="0% (0/2)" missing-branches="1956,1963"/>
						<line number="1956" hits="0"/>
						<line number="1957" hits="0"/>
						<line number="1958" hits="0"/>
						<line number="1960" hits="0" branch="true" condition-coverage="0% (0/2)" missing-branches="1961,1963"/>
						<line number="1961" hits="0"/>
						<line number="1962" hits="0"/>
						<line number="1963" hits="0"/>
						<line number="1965" hits="0"/>
						<line number="1967" hits="0" branch="true" condition-coverage="0% (0/2)" missing-branches="1968,1970"/>
						<line number="1968" hits="0"/>
						<line number="1970" hits="0"/>
						<line number="1971" hits="0"/>
						<line number="1972" hits="0"/>
						<line number="1974" hits="0" branch="true" condition-coverage="0% (0/2)" missing-branches="1975,1979"/>
						<line number="1975" hits="0" branch="true" condition-coverage="0% (0/2)" missing-branches="1976,1983"/>
						<line number="1976" hits="0"/>
						<line number="1977" hits="0"/>
						<line number="1979" hits="0"/>
						<line number="1983" hits="0"/>
						<line number="1985" hits="0" branch="true" condition-coverage="0% (0/2)" missing-branches="exit,1989"/>
						<line number="1989" hits="0"/>
						<line number="1990" hits="0"/>
						<line number="1991" hits="0"/>
						<line number="1992" hits="0"/>
						<line number="1994" hits="0"/>
						<line number="1996" hits="0" branch="true" condition-coverage="0% (0/2)" missing-branches="1997,2000"/>
						<line number="1997" hits="0"/>
						<line number="2000" hits="0"/>
						<line number="2001" hits="0"/>
						<line number="2003" hits="0"/>
						<line number="2005" hits="0" branch="true" condition-coverage="0% (0/2)" missing-branches="2006,2009"/>
						<line number="2006" hits="0"/>
						<line number="2009" hits="0"/>
						<line number="2010" hits="0"/>
						<line number="2012" hits="0"/>
						<line number="2014" hits="0" branch="true" condition-coverage="0% (0/2)" missing-branches="2015,2017"/>
						<line number="2015" hits="0"/>
						<line number="2017" hits="0" branch="true" condition-coverage="0% (0/2)" missing-branches="2019,2050"/>
						<line number="2019" hits="0"/>
						<line number="2020" hits="0"/>
						<line number="2023" hits="0" branch="true" condition-coverage="0% (0/2)" missing-branches="2026,2029"/>
						<line number="2026" hits="0"/>
						<line number="2029" hits="0" branch="true" condition-coverage="0% (0/2)" missing-branches="2030,2047"/>
						<line number="2030" hits="0"/>
						<line number="2038" hits="0" branch="true" condition-coverage="0% (0/2)" missing-branches="2039,2047"/>
						<line number="2039" hits="0"/>
						<line number="2040" hits="0"/>
						<line number="2041" hits="0"/>
						<line number="2043" hits="0" branch="true" condition-coverage="0% (0/2)" missing-branches="2044,2047"/>
						<line number="2044" hits="0"/>
						<line number="2045" hits="0"/>
						<line number="2047" hits="0"/>
						<line number="2050" hits="0"/>
						<line number="2051" hits="0"/>
						<line number="2054" hits="0" branch="true" condition-coverage="0% (0/2)" missing-branches="2058,2062"/>
						<line number="2058" hits="0"/>
						<line number="2059" hits="0"/>
						<line number="2062" hits="0" branch="true" condition-coverage="0% (0/2)" missing-branches="2063,2080"/>
						<line number="2063" hits="0"/>
						<line number="2071" hits="0" branch="true" condition-coverage="0% (0/2)" missing-branches="2072,2080"/>
						<line number="2072" hits="0"/>
						<line number="2073" hits="0"/>
						<line number="2074" hits="0"/>
						<line number="2076" hits="0" branch="true" condition-coverage="0% (0/2)" missing-branches="2077,2080"/>
						<line number="2077" hits="0"/>
						<line number="2078" hits="0"/>
						<line number="2080" hits="0"/>
						<line number="2082" hits="0"/>
						<line number="2084" hits="0"/>
						<line number="2086" hits="0" branch="true" condition-coverage="0% (0/2)" missing-branches="2087,2090"/>
						<line number="2087" hits="0"/>
						<line number="2090" hits="0" branch="true" condition-coverage="0% (0/2)" missing-branches="2091,2110"/>
						<line number="2091" hits="0"/>
						<line number="2093" hits="0"/>
						<line number="2095" hits="0"/>
						<line number="2097" hits="0"/>
						<line number="2098" hits="0"/>
						<line number="2100" hits="0"/>
						<line number="2101" hits="0"/>
						<line number="2102" hits="0"/>
						<line number="2103" hits="0"/>
						<line number="2106" hits="0" branch="true" condition-coverage="0% (0/2)" missing-branches="2107,2110"/>
						<line number="2107" hits="0"/>
						<line number="2110" hits="0"/>
						<line number="2113" hits="0" branch="true" condition-coverage="0% (0/2)" missing-branches="2114,2122"/>
						<line number="2114" hits="0"/>
						<line number="2115" hits="0"/>
						<line number="2116" hits="0"/>
						<line number="2117" hits="0"/>
						<line number="2118" hits="0" branch="true" condition-coverage="0% (0/2)" missing-branches="2119,2122"/>
						<line number="2119" hits="0"/>
						<line number="2122" hits="0" branch="true" condition-coverage="0% (0/2)" missing-branches="2123,2143"/>
						<line number="2123" hits="0"/>
						<line number="2131" hits="0" branch="true" condition-coverage="0% (0/2)" missing-branches="2132,2143"/>
						<line number="2132" hits="0"/>
						<line number="2133" hits="0"/>
						<line number="2136" hits="0"/>
						<line number="2138" hits="0" branch="true" condition-coverage="0% (0/2)" missing-branches="2139,2143"/>
						<line number="2139" hits="0"/>
						<line number="2140" hits="0"/>
						<line number="2143" hits="0" branch="true" condition-coverage="0% (0/2)" missing-branches="2144,2147"/>
						<line number="2144" hits="0"/>
						<line number="2147" hits="0"/>
						<line number="2150" hits="0" branch="true" condition-coverage="0% (0/2)" missing-branches="2151,2152"/>
						<line number="2151" hits="0"/>
						<line number="2152" hits="0" branch="true" condition-coverage="0% (0/2)" missing-branches="2153,2156"/>
						<line number="2153" hits="0"/>
						<line number="2156" hits="0"/>
						<line number="2158" hits="0"/>
						<line number="2159" hits="0"/>
						<line number="2161" hits="0"/>
						<line number="2163" hits="0" branch="true" condition-coverage="0% (0/2)" missing-branches="exit,2164"/>
						<line number="2164" hits="0"/>
						<line number="2165" hits="0"/>
						<line number="2168" hits="0" branch="true" condition-coverage="0% (0/2)" missing-branches="2169,2185"/>
						<line number="2169" hits="0"/>
						<line number="2170" hits="0"/>
						<line number="2171" hits="0"/>
						<line number="2172" hits="0"/>
						<line number="2173" hits="0"/>
						<line number="2174" hits="0"/>
						<line number="2177" hits="0"/>
						<line number="2182" hits="0"/>
						<line number="2185" hits="0" branch="true" condition-coverage="0% (0/2)" missing-branches="2187,2211"/>
						<line number="2187" hits="0" branch="true" condition-coverage="0% (0/2)" missing-branches="2188,2192"/>
						<line number="2188" hits="0"/>
						<line number="2189" hits="0"/>
						<line number="2190" hits="0"/>
						<line number="2192" hits="0" branch="true" condition-coverage="0% (0/2)" missing-branches="2193,2207"/>
						<line number="2193" hits="0"/>
						<line number="2195" hits="0"/>
						<line number="2197" hits="0"/>
						<line number="2199" hits="0"/>
						<line number="2200" hits="0"/>
						<line number="2202" hits="0"/>
						<line number="2203" hits="0"/>
						<line number="2204" hits="0"/>
						<line number="2205" hits="0"/>
						<line number="2207" hits="0" branch="true" condition-coverage="0% (0/2)" missing-branches="2208,2211"/>
						<line number="2208" hits="0"/>
						<line number="2211" hits="0"/>
						<line number="2214" hits="0"/>
						<line number="2217" hits="0" branch="true" condition-coverage="0% (0/2)" missing-branches="2218,2219"/>
						<line number="2218" hits="0"/>
						<line number="2219" hits="0" branch="true" condition-coverage="0% (0/2)" missing-branches="2220,2223"/>
						<line number="2220" hits="0"/>
						<line number="2223" hits="0"/>
						<line number="2225" hits="0"/>
						<line number="2226" hits="0"/>
						<line number="2228" hits="0"/>
						<line number="2230" hits="0" branch="true" condition-coverage="0% (0/2)" missing-branches="exit,2231"/>
						<line number="2231" hits="0" branch="true" condition-coverage="0% (0/2)" missing-branches="2236,2242"/>
						<line number="2236" hits="0"/>
						<line number="2237" hits="0"/>
						<line number="2238" hits="0"/>
						<line number="2239" hits="0"/>
						<line number="2240" hits="0"/>
						<line number="2241" hits="0"/>
						<line number="2242" hits="0"/>
						<line number="2244" hits="0"/>
						<line number="2246" hits="0" branch="true" condition-coverage="0% (0/2)" missing-branches="2247,2249"/>
						<line number="2247" hits="0"/>
						<line number="2249" hits="0"/>
						<line number="2250" hits="0"/>
						<line number="2252" hits="0" branch="true" condition-coverage="0% (0/2)" missing-branches="exit,2253"/>
						<line number="2253" hits="0" branch="true" condition-coverage="0% (0/2)" missing-branches="2254,2289"/>
						<line number="2254" hits="0" branch="true" condition-coverage="0% (0/2)" missing-branches="2256,2262"/>
						<line number="2256" hits="0" branch="true" condition-coverage="0% (0/2)" missing-branches="2257,2258"/>
						<line number="2257" hits="0"/>
						<line number="2258" hits="0"/>
						<line number="2259" hits="0"/>
						<line number="2262" hits="0" branch="true" condition-coverage="0% (0/2)" missing-branches="2263,2269"/>
						<line number="2263" hits="0"/>
						<line number="2264" hits="0"/>
						<line number="2267" hits="0"/>
						<line number="2269" hits="0"/>
						<line number="2270" hits="0"/>
						<line number="2271" hits="0"/>
						<line number="2272" hits="0"/>
						<line number="2273" hits="0"/>
						<line number="2274" hits="0"/>
						<line number="2277" hits="0" branch="true" condition-coverage="0% (0/2)" missing-branches="2278,2289"/>
						<line number="2278" hits="0"/>
						<line number="2279" hits="0" branch="true" condition-coverage="0% (0/2)" missing-branches="2283,2289"/>
						<line number="2283" hits="0"/>
						<line number="2287" hits="0"/>
						<line number="2288" hits="0"/>
						<line number="2289" hits="0"/>
						<line number="2291" hits="0"/>
						<line number="2293" hits="0" branch="true" condition-coverage="0% (0/2)" missing-branches="2294,2296"/>
						<line number="2294" hits="0"/>
						<line number="2296" hits="0"/>
						<line number="2299" hits="0" branch="true" condition-coverage="0% (0/2)" missing-branches="2300,2303"/>
						<line number="2300" hits="0"/>
						<line number="2303" hits="0"/>
						<line number="2304" hits="0"/>
						<line number="2305" hits="0"/>
						<line number="2307" hits="0"/>
						<line number="2309" hits="0"/>
						<line number="2311" hits="0" branch="true" condition-coverage="0% (0/2)" missing-branches="2312,2314"/>
						<line number="2312" hits="0"/>
						<line number="2314" hits="0"/>
						<line number="2315" hits="0" branch="true" condition-coverage="0% (0/2)" missing-branches="2316,2323"/>
						<line number="2316" hits="0"/>
						<line number="2317" hits="0"/>
						<line number="2318" hits="0" branch="true" condition-coverage="0% (0/2)" missing-branches="2319,2320"/>
						<line number="2319" hits="0"/>
						<line number="2320" hits="0" branch="true" condition-coverage="0% (0/2)" missing-branches="2315,2321"/>
						<line number="2321" hits="0"/>
						<line number="2323" hits="0"/>
						<line number="2325" hits="0"/>
						<line number="2332" hits="0"/>
						<line number="2334" hits="0"/>
						<line number="2336" hits="0"/>
						<line number="2337" hits="0" branch="true" condition-coverage="0% (0/2)" missing-branches="2338,2341"/>
						<line number="2338" hits="0"/>
						<line number="2341" hits="0"/>
						<line number="2348" hits="0" branch="true" condition-coverage="0% (0/2)" missing-branches="2349,2390"/>
						<line number="2349" hits="0"/>
						<line number="2350" hits="0"/>
						<line number="2351" hits="0"/>
						<line number="2352" hits="0"/>
						<line number="2353" hits="0"/>
						<line number="2354" hits="0"/>
						<line number="2357" hits="0"/>
						<line number="2368" hits="0"/>
						<line number="2371" hits="0" branch="true" condition-coverage="0% (0/2)" missing-branches="exit,2372"/>
						<line number="2372" hits="0"/>
						<line number="2381" hits="0"/>
						<line number="2390" hits="0"/>
						<line number="2391" hits="0" branch="true" condition-coverage="0% (0/2)" missing-branches="exit,2392"/>
						<line number="2392" hits="0"/>
						<line number="2393" hits="0"/>
						<line number="2394" hits="0"/>
						<line number="2395" hits="0"/>
						<line number="2396" hits="0"/>
						<line number="2397" hits="0"/>
						<line number="2398" hits="0" branch="true" condition-coverage="0% (0/2)" missing-branches="exit,2399"/>
						<line number="2399" hits="0"/>
						<line number="2400" hits="0"/>
						<line number="2401" hits="0"/>
						<line number="2402" hits="0"/>
						<line number="2406" hits="0"/>
						<line number="2409" hits="0"/>
						<line number="2411" hits="0"/>
						<line number="2412" hits="0"/>
						<line number="2415" hits="0"/>
						<line number="2417" hits="0"/>
						<line number="2418" hits="0"/>
						<line number="2419" hits="0"/>
						<line number="2420" hits="0"/>
						<line number="2422" hits="0"/>
						<line number="2425" hits="0"/>
						<line number="2427" hits="0"/>
						<line number="2429" hits="0" branch="true" condition-coverage="0% (0/2)" missing-branches="2430,2433"/>
						<line number="2430" hits="0"/>
						<line number="2433" hits="0"/>
						<line number="2434" hits="0" branch="true" condition-coverage="0% (0/2)" missing-branches="2435,2437"/>
						<line number="2435" hits="0"/>
						<line number="2437" hits="0"/>
						<line number="2440" hits="0"/>
						<line number="2459" hits="0"/>
						<line number="2462" hits="0"/>
						<line number="2463" hits="0" branch="true" condition-coverage="0% (0/2)" missing-branches="exit,2464"/>
						<line number="2464" hits="0"/>
						<line number="2465" hits="0"/>
						<line number="2467" hits="0"/>
						<line number="2469" hits="0"/>
						<line number="2471" hits="0"/>
						<line number="2472" hits="0" branch="true" condition-coverage="0% (0/2)" missing-branches="2474,2476"/>
						<line number="2474" hits="0"/>
						<line number="2476" hits="0" branch="true" condition-coverage="0% (0/2)" missing-branches="2477,2497"/>
						<line number="2477" hits="0"/>
						<line number="2478" hits="0"/>
						<line number="2480" hits="0"/>
						<line number="2481" hits="0"/>
						<line number="2482" hits="0"/>
						<line number="2485" hits="0" branch="true" condition-coverage="0% (0/2)" missing-branches="exit,2486"/>
						<line number="2486" hits="0"/>
						<line number="2488" hits="0" branch="true" condition-coverage="0% (0/2)" missing-branches="2489,2492"/>
						<line number="2489" hits="0"/>
						<line number="2490" hits="0"/>
						<line number="2492" hits="0"/>
						<line number="2493" hits="0"/>
						<line number="2494" hits="0"/>
						<line number="2497" hits="0" branch="true" condition-coverage="0% (0/2)" missing-branches="exit,2498"/>
						<line number="2498" hits="0"/>
						<line number="2499" hits="0"/>
						<line number="2500" hits="0"/>
						<line number="2501" hits="0"/>
						<line number="2502" hits="0"/>
						<line number="2503" hits="0"/>
						<line number="2505" hits="0" branch="true" condition-coverage="0% (0/2)" missing-branches="exit,2506"/>
						<line number="2506" hits="0"/>
						<line number="2507" hits="0"/>
						<line number="2508" hits="0"/>
						<line number="2509" hits="0"/>
						<line number="2510" hits="0"/>
						<line number="2511" hits="0"/>
						<line number="2513" hits="0"/>
						<line number="2515" hits="0" branch="true" condition-coverage="0% (0/2)" missing-branches="2516,2518"/>
						<line number="2516" hits="0"/>
						<line number="2518" hits="0"/>
						<line number="2519" hits="0"/>
						<line number="2521" hits="0" branch="true" condition-coverage="0% (0/2)" missing-branches="2523,2538"/>
						<line number="2523" hits="0"/>
						<line number="2524" hits="0" branch="true" condition-coverage="0% (0/2)" missing-branches="2528,2534"/>
						<line number="2528" hits="0"/>
						<line number="2529" hits="0"/>
						<line number="2530" hits="0"/>
						<line number="2531" hits="0"/>
						<line number="2532" hits="0"/>
						<line number="2533" hits="0"/>
						<line number="2534" hits="0"/>
						<line number="2538" hits="0"/>
						<line number="2539" hits="0"/>
						<line number="2540" hits="0"/>
						<line number="2541" hits="0"/>
						<line number="2542" hits="0"/>
						<line number="2544" hits="0" branch="true" condition-coverage="0% (0/2)" missing-branches="2545,2562"/>
						<line number="2545" hits="0"/>
						<line number="2548" hits="0"/>
						<line number="2551" hits="0"/>
						<line number="2554" hits="0"/>
						<line number="2557" hits="0"/>
						<line number="2562" hits="0"/>
						<line number="2563" hits="0"/>
						<line number="2566" hits="0" branch="true" condition-coverage="0% (0/2)" missing-branches="exit,2567"/>
						<line number="2567" hits="0"/>
						<line number="2568" hits="0"/>
						<line number="2569" hits="0"/>
						<line number="2570" hits="0"/>
						<line number="2571" hits="0"/>
						<line number="2572" hits="0"/>
						<line number="2573" hits="0"/>
						<line number="2574" hits="0"/>
						<line number="2576" hits="0"/>
						<line number="2587" hits="0" branch="true" condition-coverage="0% (0/2)" missing-branches="2588,2590"/>
						<line number="2588" hits="0"/>
						<line number="2590" hits="0"/>
						<line number="2591" hits="0" branch="true" condition-coverage="0% (0/2)" missing-branches="2592,2594"/>
						<line number="2592" hits="0"/>
						<line number="2594" hits="0"/>
						<line number="2595" hits="0" branch="true" condition-coverage="0% (0/2)" missing-branches="2597,2599"/>
						<line number="2597" hits="0"/>
						<line number="2599" hits="0"/>
						<line number="2606" hits="0"/>
						<line number="2607" hits="0"/>
						<line number="2608" hits="0"/>
						<line number="2610" hits="0"/>
						<line number="2623" hits="0"/>
						<line number="2625" hits="0"/>
						<line number="2626" hits="0"/>
						<line number="2629" hits="0"/>
						<line number="2632" hits="0"/>
						<line number="2634" hits="0"/>
						<line number="2637" hits="0"/>
						<line number="2638" hits="0"/>
						<line number="2641" hits="0"/>
						<line number="2642" hits="0"/>
						<line number="2645" hits="0"/>
						<line number="2648" hits="0"/>
						<line number="2651" hits="0"/>
						<line number="2665" hits="0"/>
						<line number="2666" hits="0"/>
						<line number="2667" hits="0"/>
						<line number="2668" hits="0"/>
						<line number="2671" hits="0"/>
						<line number="2672" hits="0" branch="true" condition-coverage="0% (0/2)" missing-branches="2673,2692"/>
						<line number="2673" hits="0"/>
						<line number="2674" hits="0"/>
						<line number="2676" hits="0"/>
						<line number="2680" hits="0"/>
						<line number="2687" hits="0"/>
						<line number="2692" hits="0"/>
						<line number="2693" hits="0" branch="true" condition-coverage="0% (0/2)" missing-branches="2694,2717"/>
						<line number="2694" hits="0"/>
						<line number="2697" hits="0"/>
						<line number="2699" hits="0"/>
						<line number="2703" hits="0"/>
						<line number="2710" hits="0"/>
						<line number="2717" hits="0"/>
						<line number="2720" hits="0"/>
						<line number="2721" hits="0" branch="true" condition-coverage="0% (0/2)" missing-branches="exit,2722"/>
						<line number="2722" hits="0"/>
						<line number="2724" hits="0" branch="true" condition-coverage="0% (0/2)" missing-branches="2725,2727"/>
						<line number="2725" hits="0"/>
						<line number="2727" hits="0"/>
						<line number="2728" hits="0"/>
						<line number="2730" hits="0"/>
						<line number="2732" hits="0"/>
						<line number="2733" hits="0"/>
						<line number="2734" hits="0"/>
						<line number="2736" hits="0"/>
						<line number="2750" hits="0"/>
						<line number="2753" hits="0"/>
						<line number="2763" hits="0"/>
						<line number="2766" hits="0"/>
						<line number="2768" hits="0"/>
						<line number="2769" hits="0"/>
						<line number="2779" hits="0"/>
						<line number="2780" hits="0"/>
						<line number="2782" hits="0"/>
						<line number="2783" hits="0"/>
						<line number="2785" hits="0"/>
						<line number="2787" hits="0"/>
						<line number="2790" hits="0"/>
						<line number="2797" hits="0"/>
						<line number="2806" hits="0"/>
						<line number="2814" hits="0"/>
						<line number="2820" hits="0"/>
						<line number="2823" hits="0"/>
						<line number="2830" hits="0"/>
						<line number="2836" hits="0"/>
						<line number="2839" hits="0"/>
						<line number="2847" hits="0"/>
						<line number="2881" hits="0"/>
						<line number="2883" hits="0"/>
						<line number="2885" hits="0"/>
						<line number="2886" hits="0"/>
						<line number="2890" hits="0"/>
						<line number="2891" hits="0"/>
						<line number="2892" hits="0"/>
						<line number="2895" hits="0"/>
						<line number="2899" hits="0"/>
						<line number="2901" hits="0"/>
						<line number="2903" hits="0"/>
						<line number="2904" hits="0"/>
						<line number="2905" hits="0"/>
						<line number="2909" hits="0" branch="true" condition-coverage="0% (0/2)" missing-branches="2910,2916"/>
						<line number="2910" hits="0"/>
						<line number="2911" hits="0"/>
						<line number="2912" hits="0"/>
						<line number="2913" hits="0"/>
						<line number="2916" hits="0"/>
						<line number="2919" hits="0" branch="true" condition-coverage="0% (0/2)" missing-branches="2920,2926"/>
						<line number="2920" hits="0"/>
						<line number="2921" hits="0"/>
						<line number="2922" hits="0"/>
						<line number="2923" hits="0"/>
						<line number="2926" hits="0"/>
						<line number="2927" hits="0"/>
						<line number="2928" hits="0"/>
						<line number="2933" hits="0"/>
						<line number="2935" hits="0" branch="true" condition-coverage="0% (0/2)" missing-branches="2936,2942"/>
						<line number="2936" hits="0"/>
						<line number="2937" hits="0"/>
						<line number="2938" hits="0"/>
						<line number="2939" hits="0"/>
						<line number="2942" hits="0"/>
						<line number="2943" hits="0"/>
						<line number="2946" hits="0"/>
						<line number="2947" hits="0"/>
						<line number="2948" hits="0" branch="true" condition-coverage="0% (0/2)" missing-branches="2949,2953"/>
						<line number="2949" hits="0"/>
						<line number="2950" hits="0"/>
						<line number="2953" hits="0"/>
						<line number="2955" hits="0"/>
						<line number="2958" hits="0"/>
						<line number="2959" hits="0"/>
						<line number="2960" hits="0"/>
						<line number="2962" hits="0"/>
						<line number="2963" hits="0"/>
						<line number="2964" hits="0"/>
						<line number="2965" hits="0"/>
						<line number="2966" hits="0"/>
						<line number="2968" hits="0"/>
						<line number="2970" hits="0"/>
						<line number="2971" hits="0"/>
						<line number="2973" hits="0" branch="true" condition-coverage="0% (0/2)" missing-branches="2974,3008"/>
						<line number="2974" hits="0"/>
						<line number="2977" hits="0"/>
						<line number="2979" hits="0"/>
						<line number="2983" hits="0"/>
						<line number="2984" hits="0" branch="true" condition-coverage="0% (0/2)" missing-branches="2985,2989"/>
						<line number="2985" hits="0"/>
						<line number="2986" hits="0" branch="true" condition-coverage="0% (0/2)" missing-branches="2984,2987"/>
						<line number="2987" hits="0"/>
						<line number="2989" hits="0"/>
						<line number="2990" hits="0"/>
						<line number="2991" hits="0" branch="true" condition-coverage="0% (0/2)" missing-branches="2994,2996"/>
						<line number="2994" hits="0"/>
						<line number="2996" hits="0"/>
						<line number="3008" hits="0"/>
						<line number="3010" hits="0"/>
						<line number="3012" hits="0" branch="true" condition-coverage="0% (0/2)" missing-branches="3013,3015"/>
						<line number="3013" hits="0"/>
						<line number="3015" hits="0"/>
						<line number="3016" hits="0"/>
						<line number="3018" hits="0"/>
						<line number="3020" hits="0" branch="true" condition-coverage="0% (0/2)" missing-branches="3021,3049"/>
						<line number="3021" hits="0"/>
						<line number="3025" hits="0"/>
						<line number="3038" hits="0"/>
						<line number="3049" hits="0"/>
						<line number="3052" hits="0"/>
						<line number="3056" hits="0"/>
						<line number="3058" hits="0"/>
						<line number="3060" hits="0"/>
						<line number="3062" hits="0"/>
						<line number="3064" hits="0" branch="true" condition-coverage="0% (0/2)" missing-branches="3065,3067"/>
						<line number="3065" hits="0"/>
						<line number="3067" hits="0"/>
						<line number="3068" hits="0"/>
						<line number="3069" hits="0"/>
						<line number="3071" hits="0" branch="true" condition-coverage="0% (0/2)" missing-branches="3072,3092"/>
						<line number="3072" hits="0"/>
						<line number="3073" hits="0"/>
						<line number="3075" hits="0"/>
						<line number="3076" hits="0" branch="true" condition-coverage="0% (0/2)" missing-branches="3077,3081"/>
						<line number="3077" hits="0"/>
						<line number="3078" hits="0"/>
						<line number="3079" hits="0"/>
						<line number="3081" hits="0"/>
						<line number="3082" hits="0"/>
						<line number="3084" hits="0"/>
						<line number="3092" hits="0"/>
						<line number="3093" hits="0"/>
						<line number="3098" hits="0"/>
						<line number="3101" hits="0"/>
						<line number="3104" hits="0"/>
						<line number="3106" hits="0"/>
						<line number="3108" hits="0"/>
						<line number="3110" hits="0"/>
						<line number="3111" hits="0"/>
						<line number="3112" hits="0"/>
						<line number="3113" hits="0"/>
						<line number="3116" hits="0"/>
					</lines>
				</class>
				<class name="history_window.py" filename="gui/history_window.py" complexity="0" line-rate="0" branch-rate="1">
					<methods/>
					<lines>
						<line number="4" hits="0"/>
						<line number="7" hits="0"/>
						<line number="10" hits="0"/>
						<line number="17" hits="0"/>
						<line number="19" hits="0"/>
						<line number="21" hits="0"/>
						<line number="27" hits="0"/>
					</lines>
				</class>
				<class name="home_window.py" filename="gui/home_window.py" complexity="0" line-rate="0" branch-rate="0">
					<methods/>
					<lines>
						<line number="4" hits="0"/>
						<line number="5" hits="0"/>
						<line number="6" hits="0"/>
						<line number="7" hits="0"/>
						<line number="8" hits="0"/>
						<line number="9" hits="0"/>
						<line number="10" hits="0"/>
						<line number="13" hits="0"/>
						<line number="16" hits="0"/>
						<line number="24" hits="0"/>
						<line number="25" hits="0"/>
						<line number="26" hits="0"/>
						<line number="27" hits="0"/>
						<line number="30" hits="0"/>
						<line number="31" hits="0"/>
						<line number="34" hits="0"/>
						<line number="35" hits="0"/>
						<line number="36" hits="0"/>
						<line number="37" hits="0"/>
						<line number="38" hits="0"/>
						<line number="41" hits="0"/>
						<line number="42" hits="0"/>
						<line number="43" hits="0"/>
						<line number="44" hits="0"/>
						<line number="45" hits="0"/>
						<line number="47" hits="0"/>
						<line number="50" hits="0"/>
						<line number="59" hits="0"/>
						<line number="68" hits="0"/>
						<line number="71" hits="0"/>
						<line number="74" hits="0"/>
						<line number="85" hits="0"/>
						<line number="111" hits="0"/>
						<line number="113" hits="0"/>
						<line number="115" hits="0"/>
						<line number="118" hits="0"/>
						<line number="149" hits="0"/>
						<line number="180" hits="0"/>
						<line number="188" hits="0"/>
						<line number="195" hits="0"/>
						<line number="238" hits="0"/>
						<line number="241" hits="0"/>
						<line number="243" hits="0"/>
						<line number="244" hits="0" branch="true" condition-coverage="0% (0/2)" missing-branches="245,253"/>
						<line number="245" hits="0"/>
						<line number="250" hits="0"/>
						<line number="251" hits="0"/>
						<line number="253" hits="0"/>
						<line number="273" hits="0"/>
						<line number="275" hits="0" branch="true" condition-coverage="0% (0/2)" missing-branches="276,278"/>
						<line number="276" hits="0"/>
						<line number="278" hits="0"/>
						<line number="280" hits="0"/>
						<line number="284" hits="0"/>
						<line number="285" hits="0" branch="true" condition-coverage="0% (0/2)" missing-branches="286,288"/>
						<line number="286" hits="0"/>
						<line number="287" hits="0"/>
						<line number="288" hits="0" branch="true" condition-coverage="0% (0/2)" missing-branches="289,290"/>
						<line number="289" hits="0"/>
						<line number="290" hits="0"/>
						<line number="293" hits="0"/>
						<line number="295" hits="0" branch="true" condition-coverage="0% (0/2)" missing-branches="297,319"/>
						<line number="297" hits="0"/>
						<line number="298" hits="0"/>
						<line number="300" hits="0" branch="true" condition-coverage="0% (0/2)" missing-branches="301,303"/>
						<line number="301" hits="0"/>
						<line number="302" hits="0"/>
						<line number="303" hits="0"/>
						<line number="306" hits="0"/>
						<line number="307" hits="0"/>
						<line number="310" hits="0"/>
						<line number="312" hits="0"/>
						<line number="313" hits="0"/>
						<line number="315" hits="0" branch="true" condition-coverage="0% (0/2)" missing-branches="316,323"/>
						<line number="316" hits="0"/>
						<line number="317" hits="0"/>
						<line number="319" hits="0" branch="true" condition-coverage="0% (0/2)" missing-branches="320,323"/>
						<line number="320" hits="0"/>
						<line number="321" hits="0"/>
						<line number="323" hits="0" branch="true" condition-coverage="0% (0/2)" missing-branches="324,325"/>
						<line number="324" hits="0"/>
						<line number="325" hits="0"/>
						<line number="327" hits="0"/>
						<line number="328" hits="0"/>
						<line number="329" hits="0" branch="true" condition-coverage="0% (0/2)" missing-branches="330,332"/>
						<line number="330" hits="0"/>
						<line number="331" hits="0"/>
						<line number="332" hits="0" branch="true" condition-coverage="0% (0/2)" missing-branches="333,334"/>
						<line number="333" hits="0"/>
						<line number="334" hits="0"/>
						<line number="336" hits="0"/>
						<line number="339" hits="0"/>
						<line number="340" hits="0"/>
						<line number="342" hits="0"/>
						<line number="344" hits="0" branch="true" condition-coverage="0% (0/2)" missing-branches="345,347"/>
						<line number="345" hits="0"/>
						<line number="347" hits="0"/>
						<line number="349" hits="0"/>
						<line number="350" hits="0" branch="true" condition-coverage="0% (0/2)" missing-branches="exit,352"/>
						<line number="352" hits="0"/>
						<line number="353" hits="0"/>
						<line number="354" hits="0" branch="true" condition-coverage="0% (0/2)" missing-branches="355,360"/>
						<line number="355" hits="0"/>
						<line number="357" hits="0"/>
						<line number="358" hits="0"/>
						<line number="360" hits="0" branch="true" condition-coverage="0% (0/2)" missing-branches="361,364"/>
						<line number="361" hits="0"/>
						<line number="364" hits="0"/>
						<line number="366" hits="0" branch="true" condition-coverage="0% (0/2)" missing-branches="exit,367"/>
						<line number="367" hits="0"/>
						<line number="368" hits="0"/>
						<line number="369" hits="0"/>
						<line number="370" hits="0"/>
						<line number="372" hits="0"/>
						<line number="374" hits="0" branch="true" condition-coverage="0% (0/2)" missing-branches="375,377"/>
						<line number="375" hits="0"/>
						<line number="377" hits="0"/>
						<line number="379" hits="0"/>
						<line number="380" hits="0" branch="true" condition-coverage="0% (0/2)" missing-branches="exit,381"/>
						<line number="381" hits="0"/>
						<line number="382" hits="0"/>
						<line number="383" hits="0" branch="true" condition-coverage="0% (0/2)" missing-branches="384,389"/>
						<line number="384" hits="0"/>
						<line number="386" hits="0"/>
						<line number="387" hits="0"/>
						<line number="389" hits="0" branch="true" condition-coverage="0% (0/2)" missing-branches="390,393"/>
						<line number="390" hits="0"/>
						<line number="393" hits="0"/>
						<line number="395" hits="0" branch="true" condition-coverage="0% (0/2)" missing-branches="exit,396"/>
						<line number="396" hits="0"/>
						<line number="397" hits="0"/>
						<line number="398" hits="0"/>
						<line number="399" hits="0"/>
						<line number="401" hits="0"/>
						<line number="404" hits="0"/>
						<line number="406" hits="0"/>
						<line number="408" hits="0"/>
						<line number="410" hits="0" branch="true" condition-coverage="0% (0/2)" missing-branches="411,418"/>
						<line number="411" hits="0"/>
						<line number="412" hits="0"/>
						<line number="414" hits="0"/>
						<line number="416" hits="0"/>
						<line number="418" hits="0"/>
						<line number="421" hits="0"/>
						<line number="422" hits="0" branch="true" condition-coverage="0% (0/2)" missing-branches="423,426"/>
						<line number="423" hits="0"/>
						<line number="426" hits="0"/>
						<line number="427" hits="0" branch="true" condition-coverage="0% (0/2)" missing-branches="exit,428"/>
						<line number="428" hits="0"/>
						<line number="430" hits="0"/>
						<line number="431" hits="0"/>
						<line number="432" hits="0"/>
						<line number="434" hits="0"/>
						<line number="436" hits="0" branch="true" condition-coverage="0% (0/2)" missing-branches="437,439"/>
						<line number="437" hits="0"/>
						<line number="439" hits="0"/>
						<line number="441" hits="0"/>
						<line number="442" hits="0"/>
						<line number="444" hits="0" branch="true" condition-coverage="0% (0/2)" missing-branches="446,452"/>
						<line number="446" hits="0" branch="true" condition-coverage="0% (0/2)" missing-branches="448,455"/>
						<line number="448" hits="0"/>
						<line number="449" hits="0"/>
						<line number="452" hits="0"/>
						<line number="455" hits="0"/>
						<line number="458" hits="0" branch="true" condition-coverage="0% (0/2)" missing-branches="exit,459"/>
						<line number="459" hits="0"/>
						<line number="460" hits="0"/>
						<line number="461" hits="0"/>
						<line number="462" hits="0"/>
						<line number="464" hits="0"/>
						<line number="466" hits="0"/>
						<line number="468" hits="0" branch="true" condition-coverage="0% (0/2)" missing-branches="469,481"/>
						<line number="469" hits="0" branch="true" condition-coverage="0% (0/2)" missing-branches="468,470"/>
						<line number="470" hits="0"/>
						<line number="471" hits="0"/>
						<line number="474" hits="0" branch="true" condition-coverage="0% (0/2)" missing-branches="475,476"/>
						<line number="475" hits="0"/>
						<line number="476" hits="0" branch="true" condition-coverage="0% (0/2)" missing-branches="477,479"/>
						<line number="477" hits="0"/>
						<line number="479" hits="0"/>
						<line number="481" hits="0"/>
						<line number="483" hits="0"/>
						<line number="485" hits="0" branch="true" condition-coverage="0% (0/2)" missing-branches="486,488"/>
						<line number="486" hits="0"/>
						<line number="488" hits="0"/>
					</lines>
				</class>
				<class name="result_window.py" filename="gui/result_window.py" complexity="0" line-rate="0" branch-rate="1">
					<methods/>
					<lines>
						<line number="4" hits="0"/>
						<line number="7" hits="0"/>
						<line number="10" hits="0"/>
						<line number="17" hits="0"/>
						<line number="19" hits="0"/>
						<line number="21" hits="0"/>
						<line number="27" hits="0"/>
					</lines>
				</class>
			</classes>
		</package>
		<package name="models" line-rate="0" branch-rate="1" complexity="0">
			<classes>
				<class name="__init__.py" filename="models/__init__.py" complexity="0" line-rate="1" branch-rate="1">
					<methods/>
					<lines/>
				</class>
				<class name="schemas.py" filename="models/schemas.py" complexity="0" line-rate="0" branch-rate="1">
					<methods/>
					<lines>
						<line number="4" hits="0"/>
						<line number="5" hits="0"/>
						<line number="8" hits="0"/>
						<line number="11" hits="0"/>
						<line number="12" hits="0"/>
						<line number="13" hits="0"/>
						<line number="14" hits="0"/>
						<line number="15" hits="0"/>
						<line number="16" hits="0"/>
						<line number="17" hits="0"/>
						<line number="20" hits="0"/>
						<line number="23" hits="0"/>
						<line number="24" hits="0"/>
						<line number="25" hits="0"/>
					</lines>
				</class>
			</classes>
		</package>
		<package name="services" line-rate="0.05797" branch-rate="0.02857" complexity="0">
			<classes>
				<class name="__init__.py" filename="services/__init__.py" complexity="0" line-rate="1" branch-rate="1">
					<methods/>
					<lines/>
				</class>
				<class name="api_check_service.py" filename="services/api_check_service.py" complexity="0" line-rate="0" branch-rate="0">
					<methods/>
					<lines>
						<line number="5" hits="0"/>
						<line number="6" hits="0"/>
						<line number="7" hits="0"/>
						<line number="8" hits="0"/>
						<line number="11" hits="0"/>
						<line number="14" hits="0"/>
						<line number="16" hits="0"/>
						<line number="18" hits="0"/>
						<line number="26" hits="0"/>
						<line number="28" hits="0" branch="true" condition-coverage="0% (0/2)" missing-branches="29,35"/>
						<line number="29" hits="0"/>
						<line number="35" hits="0"/>
						<line number="36" hits="0"/>
						<line number="38" hits="0"/>
						<line number="39" hits="0"/>
						<line number="40" hits="0"/>
						<line number="45" hits="0"/>
						<line number="46" hits="0"/>
						<line number="51" hits="0"/>
						<line number="52" hits="0"/>
						<line number="58" hits="0"/>
						<line number="65" hits="0"/>
						<line number="66" hits="0"/>
						<line number="68" hits="0" branch="true" condition-coverage="0% (0/2)" missing-branches="69,75"/>
						<line number="69" hits="0"/>
						<line number="75" hits="0"/>
						<line number="77" hits="0"/>
						<line number="81" hits="0"/>
						<line number="86" hits="0"/>
						<line number="87" hits="0"/>
						<line number="93" hits="0"/>
						<line number="100" hits="0"/>
						<line number="103" hits="0"/>
						<line number="106" hits="0"/>
						<line number="108" hits="0"/>
					</lines>
				</class>
				<class name="audio_service.py" filename="services/audio_service.py" complexity="0" line-rate="0" branch-rate="0">
					<methods/>
					<lines>
						<line number="5" hits="0"/>
						<line number="6" hits="0"/>
						<line number="7" hits="0"/>
						<line number="8" hits="0"/>
						<line number="9" hits="0"/>
						<line number="12" hits="0"/>
						<line number="15" hits="0"/>
						<line number="17" hits="0"/>
						<line number="18" hits="0"/>
						<line number="19" hits="0"/>
						<line number="20" hits="0"/>
						<line number="21" hits="0"/>
						<line number="22" hits="0"/>
						<line number="25" hits="0"/>
						<line number="26" hits="0"/>
						<line number="27" hits="0"/>
						<line number="28" hits="0"/>
						<line number="30" hits="0"/>
						<line number="37" hits="0"/>
						<line number="38" hits="0"/>
						<line number="40" hits="0"/>
						<line number="42" hits="0" branch="true" condition-coverage="0% (0/2)" missing-branches="43,56"/>
						<line number="43" hits="0" branch="true" condition-coverage="0% (0/2)" missing-branches="44,49"/>
						<line number="44" hits="0"/>
						<line number="49" hits="0" branch="true" condition-coverage="0% (0/2)" missing-branches="42,50"/>
						<line number="50" hits="0"/>
						<line number="56" hits="0"/>
						<line number="57" hits="0"/>
						<line number="59" hits="0"/>
						<line number="66" hits="0"/>
						<line number="76" hits="0" branch="true" condition-coverage="0% (0/2)" missing-branches="77,79"/>
						<line number="77" hits="0"/>
						<line number="79" hits="0"/>
						<line number="80" hits="0"/>
						<line number="81" hits="0"/>
						<line number="82" hits="0"/>
						<line number="83" hits="0"/>
						<line number="85" hits="0"/>
						<line number="87" hits="0"/>
						<line number="88" hits="0" branch="true" condition-coverage="0% (0/2)" missing-branches="89,90"/>
						<line number="89" hits="0"/>
						<line number="90" hits="0"/>
						<line number="92" hits="0"/>
						<line number="102" hits="0" branch="true" condition-coverage="0% (0/2)" missing-branches="103,105"/>
						<line number="103" hits="0"/>
						<line number="105" hits="0"/>
						<line number="106" hits="0"/>
						<line number="107" hits="0"/>
						<line number="108" hits="0"/>
						<line number="109" hits="0"/>
						<line number="111" hits="0"/>
						<line number="113" hits="0"/>
						<line number="114" hits="0" branch="true" condition-coverage="0% (0/2)" missing-branches="115,116"/>
						<line number="115" hits="0"/>
						<line number="116" hits="0"/>
						<line number="118" hits="0"/>
						<line number="120" hits="0"/>
						<line number="121" hits="0"/>
						<line number="123" hits="0" branch="true" condition-coverage="0% (0/2)" missing-branches="exit,125"/>
						<line number="125" hits="0"/>
						<line number="126" hits="0"/>
						<line number="128" hits="0"/>
						<line number="135" hits="0" branch="true" condition-coverage="0% (0/2)" missing-branches="exit,136"/>
						<line number="136" hits="0"/>
						<line number="137" hits="0"/>
						<line number="138" hits="0"/>
						<line number="139" hits="0"/>
						<line number="141" hits="0"/>
						<line number="143" hits="0"/>
						<line number="148" hits="0" branch="true" condition-coverage="0% (0/2)" missing-branches="exit,150"/>
						<line number="150" hits="0"/>
						<line number="152" hits="0" branch="true" condition-coverage="0% (0/2)" missing-branches="153,155"/>
						<line number="153" hits="0"/>
						<line number="155" hits="0"/>
						<line number="156" hits="0"/>
						<line number="157" hits="0"/>
						<line number="158" hits="0"/>
						<line number="160" hits="0"/>
						<line number="170" hits="0"/>
						<line number="171" hits="0"/>
						<line number="177" hits="0"/>
						<line number="178" hits="0"/>
						<line number="179" hits="0"/>
						<line number="180" hits="0"/>
						<line number="181" hits="0"/>
						<line number="183" hits="0"/>
						<line number="191" hits="0"/>
						<line number="193" hits="0"/>
						<line number="194" hits="0"/>
						<line number="195" hits="0"/>
						<line number="196" hits="0"/>
						<line number="197" hits="0"/>
						<line number="199" hits="0"/>
						<line number="201" hits="0"/>
						<line number="202" hits="0"/>
					</lines>
				</class>
				<class name="azure_service.py" filename="services/azure_service.py" complexity="0" line-rate="0" branch-rate="0">
					<methods/>
					<lines>
						<line number="4" hits="0"/>
						<line number="5" hits="0"/>
						<line number="6" hits="0"/>
						<line number="9" hits="0"/>
						<line number="12" hits="0"/>
						<line number="17" hits="0"/>
						<line number="18" hits="0"/>
						<line number="20" hits="0" branch="true" condition-coverage="0% (0/2)" missing-branches="21,23"/>
						<line number="21" hits="0"/>
						<line number="23" hits="0"/>
						<line number="28" hits="0"/>
						<line number="45" hits="0"/>
						<line number="52" hits="0"/>
						<line number="55" hits="0"/>
						<line number="56" hits="0"/>
						<line number="57" hits="0"/>
						<line number="59" hits="0"/>
						<line number="60" hits="0"/>
						<line number="65" hits="0"/>
						<line number="67" hits="0" branch="true" condition-coverage="0% (0/2)" missing-branches="68,82"/>
						<line number="68" hits="0"/>
						<line number="69" hits="0"/>
						<line number="82" hits="0"/>
					</lines>
				</class>
				<class name="evaluation_service.py" filename="services/evaluation_service.py" complexity="0" line-rate="0" branch-rate="0">
					<methods/>
					<lines>
						<line number="5" hits="0"/>
						<line number="6" hits="0"/>
						<line number="7" hits="0"/>
						<line number="8" hits="0"/>
						<line number="9" hits="0"/>
						<line number="12" hits="0"/>
						<line number="15" hits="0"/>
						<line number="21" hits="0"/>
						<line number="23" hits="0"/>
						<line number="24" hits="0"/>
						<line number="25" hits="0"/>
						<line number="27" hits="0"/>
						<line number="28" hits="0"/>
						<line number="30" hits="0"/>
						<line number="48" hits="0"/>
						<line number="49" hits="0" branch="true" condition-coverage="0% (0/2)" missing-branches="50,55"/>
						<line number="50" hits="0"/>
						<line number="55" hits="0"/>
						<line number="60" hits="0"/>
						<line number="61" hits="0"/>
						<line number="62" hits="0"/>
						<line number="63" hits="0"/>
						<line number="64" hits="0"/>
						<line number="66" hits="0" branch="true" condition-coverage="0% (0/2)" missing-branches="67,80"/>
						<line number="67" hits="0"/>
						<line number="68" hits="0"/>
						<line number="69" hits="0"/>
						<line number="70" hits="0"/>
						<line number="74" hits="0" branch="true" condition-coverage="0% (0/2)" missing-branches="75,80"/>
						<line number="75" hits="0"/>
						<line number="80" hits="0"/>
					</lines>
				</class>
				<class name="openai_service.py" filename="services/openai_service.py" complexity="0" line-rate="0.6667" branch-rate="1">
					<methods/>
					<lines>
						<line number="5" hits="1"/>
						<line number="6" hits="1"/>
						<line number="7" hits="1"/>
						<line number="10" hits="1"/>
						<line number="13" hits="1"/>
						<line number="19" hits="1"/>
						<line number="20" hits="1" branch="true" condition-coverage="100% (2/2)"/>
						<line number="21" hits="1"/>
						<line number="24" hits="1"/>
						<line number="26" hits="1"/>
						<line number="28" hits="1"/>
						<line number="39" hits="0"/>
						<line number="41" hits="1"/>
						<line number="51" hits="1"/>
						<line number="74" hits="1"/>
						<line number="75" hits="1"/>
						<line number="87" hits="1"/>
						<line number="88" hits="1" branch="true" condition-coverage="100% (2/2)"/>
						<line number="89" hits="1"/>
						<line number="91" hits="1"/>
						<line number="92" hits="1"/>
						<line number="93" hits="1"/>
						<line number="104" hits="1"/>
						<line number="105" hits="1"/>
						<line number="110" hits="1"/>
						<line number="111" hits="1"/>
						<line number="112" hits="1"/>
						<line number="114" hits="1"/>
						<line number="142" hits="0"/>
						<line number="143" hits="0"/>
						<line number="147" hits="0"/>
						<line number="148" hits="0"/>
						<line number="149" hits="0"/>
						<line number="150" hits="0"/>
						<line number="152" hits="1"/>
						<line number="163" hits="0"/>
						<line number="164" hits="0"/>
						<line number="169" hits="0"/>
						<line number="170" hits="0"/>
						<line number="171" hits="0"/>
						<line number="172" hits="0"/>
						<line number="173" hits="0"/>
					</lines>
				</class>
				<class name="realtime_service.py" filename="services/realtime_service.py" complexity="0" line-rate="0" branch-rate="0">
					<methods/>
					<lines>
						<line number="4" hits="0"/>
						<line number="5" hits="0"/>
						<line number="6" hits="0"/>
						<line number="7" hits="0"/>
						<line number="8" hits="0"/>
						<line number="9" hits="0"/>
						<line number="10" hits="0"/>
						<line number="13" hits="0"/>
						<line number="16" hits="0"/>
						<line number="21" hits="0"/>
						<line number="22" hits="0" branch="true" condition-coverage="0% (0/2)" missing-branches="23,24"/>
						<line number="23" hits="0"/>
						<line number="24" hits="0"/>
						<line number="27" hits="0"/>
						<line number="28" hits="0"/>
						<line number="29" hits="0"/>
						<line number="32" hits="0"/>
						<line number="33" hits="0"/>
						<line number="34" hits="0"/>
						<line number="35" hits="0"/>
						<line number="38" hits="0"/>
						<line number="39" hits="0"/>
						<line number="41" hits="0"/>
						<line number="64" hits="0"/>
						<line number="65" hits="0"/>
						<line number="66" hits="0"/>
						<line number="67" hits="0"/>
						<line number="68" hits="0"/>
						<line number="69" hits="0"/>
						<line number="73" hits="0"/>
						<line number="79" hits="0"/>
						<line number="82" hits="0"/>
						<line number="85" hits="0" branch="true" condition-coverage="0% (0/2)" missing-branches="86,114"/>
						<line number="86" hits="0"/>
						<line number="88" hits="0"/>
						<line number="109" hits="0"/>
						<line number="110" hits="0"/>
						<line number="114" hits="0"/>
						<line number="116" hits="0"/>
						<line number="117" hits="0"/>
						<line number="118" hits="0"/>
						<line number="120" hits="0"/>
						<line number="121" hits="0"/>
						<line number="122" hits="0" branch="true" condition-coverage="0% (0/2)" missing-branches="123,124"/>
						<line number="123" hits="0"/>
						<line number="124" hits="0"/>
						<line number="125" hits="0"/>
						<line number="127" hits="0"/>
						<line number="129" hits="0" branch="true" condition-coverage="0% (0/2)" missing-branches="130,133"/>
						<line number="130" hits="0"/>
						<line number="133" hits="0"/>
						<line number="135" hits="0" branch="true" condition-coverage="0% (0/2)" missing-branches="exit,136"/>
						<line number="136" hits="0"/>
						<line number="138" hits="0" branch="true" condition-coverage="0% (0/2)" missing-branches="139,150"/>
						<line number="139" hits="0"/>
						<line number="140" hits="0" branch="true" condition-coverage="0% (0/2)" missing-branches="142,150"/>
						<line number="142" hits="0" branch="true" condition-coverage="0% (0/2)" missing-branches="143,150"/>
						<line number="143" hits="0" branch="true" condition-coverage="0% (0/2)" missing-branches="142,144"/>
						<line number="144" hits="0"/>
						<line number="147" hits="0"/>
						<line number="149" hits="0"/>
						<line number="150" hits="0"/>
						<line number="153" hits="0"/>
						<line number="154" hits="0"/>
						<line number="155" hits="0" branch="true" condition-coverage="0% (0/2)" missing-branches="exit,156"/>
						<line number="156" hits="0"/>
						<line number="157" hits="0"/>
						<line number="158" hits="0"/>
						<line number="159" hits="0" branch="true" condition-coverage="0% (0/2)" missing-branches="160,161"/>
						<line number="160" hits="0"/>
						<line number="161" hits="0"/>
						<line number="162" hits="0"/>
						<line number="164" hits="0"/>
						<line number="165" hits="0"/>
						<line number="168" hits="0"/>
						<line number="169" hits="0"/>
						<line number="171" hits="0"/>
						<line number="173" hits="0"/>
						<line number="176" hits="0" branch="true" condition-coverage="0% (0/2)" missing-branches="177,179"/>
						<line number="177" hits="0"/>
						<line number="179" hits="0" branch="true" condition-coverage="0% (0/2)" missing-branches="181,189"/>
						<line number="181" hits="0" branch="true" condition-coverage="0% (0/2)" missing-branches="exit,182"/>
						<line number="182" hits="0"/>
						<line number="184" hits="0"/>
						<line number="185" hits="0"/>
						<line number="186" hits="0"/>
						<line number="187" hits="0"/>
						<line number="189" hits="0" branch="true" condition-coverage="0% (0/2)" missing-branches="191,194"/>
						<line number="191" hits="0" branch="true" condition-coverage="0% (0/2)" missing-branches="exit,192"/>
						<line number="192" hits="0"/>
						<line number="194" hits="0" branch="true" condition-coverage="0% (0/2)" missing-branches="196,209"/>
						<line number="196" hits="0" branch="true" condition-coverage="0% (0/2)" missing-branches="exit,197"/>
						<line number="197" hits="0" branch="true" condition-coverage="0% (0/2)" missing-branches="exit,199"/>
						<line number="199" hits="0" branch="true" condition-coverage="0% (0/2)" missing-branches="exit,200"/>
						<line number="200" hits="0" branch="true" condition-coverage="0% (0/2)" missing-branches="199,202"/>
						<line number="202" hits="0" branch="true" condition-coverage="0% (0/2)" missing-branches="199,203"/>
						<line number="203" hits="0"/>
						<line number="204" hits="0"/>
						<line number="205" hits="0"/>
						<line number="206" hits="0"/>
						<line number="207" hits="0"/>
						<line number="209" hits="0" branch="true" condition-coverage="0% (0/2)" missing-branches="211,213"/>
						<line number="211" hits="0"/>
						<line number="213" hits="0" branch="true" condition-coverage="0% (0/2)" missing-branches="215,218"/>
						<line number="215" hits="0" branch="true" condition-coverage="0% (0/2)" missing-branches="exit,216"/>
						<line number="216" hits="0"/>
						<line number="218" hits="0" branch="true" condition-coverage="0% (0/2)" missing-branches="220,225"/>
						<line number="220" hits="0" branch="true" condition-coverage="0% (0/2)" missing-branches="exit,221"/>
						<line number="221" hits="0"/>
						<line number="222" hits="0"/>
						<line number="223" hits="0"/>
						<line number="225" hits="0" branch="true" condition-coverage="0% (0/2)" missing-branches="227,229"/>
						<line number="227" hits="0"/>
						<line number="229" hits="0" branch="true" condition-coverage="0% (0/2)" missing-branches="231,233"/>
						<line number="231" hits="0"/>
						<line number="233" hits="0" branch="true" condition-coverage="0% (0/2)" missing-branches="235,237"/>
						<line number="235" hits="0"/>
						<line number="237" hits="0" branch="true" condition-coverage="0% (0/2)" missing-branches="239,241"/>
						<line number="239" hits="0"/>
						<line number="241" hits="0" branch="true" condition-coverage="0% (0/2)" missing-branches="243,245"/>
						<line number="243" hits="0"/>
						<line number="245" hits="0" branch="true" condition-coverage="0% (0/2)" missing-branches="exit,247"/>
						<line number="247" hits="0"/>
						<line number="248" hits="0" branch="true" condition-coverage="0% (0/2)" missing-branches="250,259"/>
						<line number="250" hits="0" branch="true" condition-coverage="0% (0/2)" missing-branches="251,252"/>
						<line number="251" hits="0"/>
						<line number="252" hits="0" branch="true" condition-coverage="0% (0/2)" missing-branches="253,254"/>
						<line number="253" hits="0"/>
						<line number="254" hits="0" branch="true" condition-coverage="0% (0/2)" missing-branches="255,257"/>
						<line number="255" hits="0"/>
						<line number="257" hits="0"/>
						<line number="259" hits="0"/>
						<line number="261" hits="0" branch="true" condition-coverage="0% (0/2)" missing-branches="262,263"/>
						<line number="262" hits="0"/>
						<line number="263" hits="0"/>
						<line number="265" hits="0"/>
						<line number="275" hits="0" branch="true" condition-coverage="0% (0/2)" missing-branches="276,278"/>
						<line number="276" hits="0"/>
						<line number="278" hits="0"/>
						<line number="280" hits="0"/>
						<line number="283" hits="0"/>
						<line number="288" hits="0"/>
						<line number="290" hits="0"/>
						<line number="291" hits="0"/>
						<line number="292" hits="0" branch="true" condition-coverage="0% (0/2)" missing-branches="293,294"/>
						<line number="293" hits="0"/>
						<line number="294" hits="0"/>
						<line number="295" hits="0"/>
						<line number="297" hits="0"/>
						<line number="307" hits="0" branch="true" condition-coverage="0% (0/2)" missing-branches="308,310"/>
						<line number="308" hits="0"/>
						<line number="310" hits="0"/>
						<line number="312" hits="0"/>
						<line number="327" hits="0"/>
						<line number="331" hits="0"/>
						<line number="333" hits="0"/>
						<line number="334" hits="0"/>
						<line number="335" hits="0" branch="true" condition-coverage="0% (0/2)" missing-branches="336,337"/>
						<line number="336" hits="0"/>
						<line number="337" hits="0"/>
						<line number="338" hits="0"/>
						<line number="340" hits="0"/>
						<line number="342" hits="0" branch="true" condition-coverage="0% (0/2)" missing-branches="exit,343"/>
						<line number="343" hits="0"/>
						<line number="345" hits="0"/>
						<line number="346" hits="0"/>
						<line number="347" hits="0"/>
						<line number="349" hits="0"/>
						<line number="350" hits="0"/>
						<line number="351" hits="0"/>
					</lines>
				</class>
				<class name="storage_service.py" filename="services/storage_service.py" complexity="0" line-rate="0" branch-rate="0">
					<methods/>
					<lines>
						<line number="5" hits="0"/>
						<line number="6" hits="0"/>
						<line number="7" hits="0"/>
						<line number="8" hits="0"/>
						<line number="9" hits="0"/>
						<line number="10" hits="0"/>
						<line number="13" hits="0"/>
						<line number="16" hits="0"/>
						<line number="22" hits="0"/>
						<line number="23" hits="0"/>
						<line number="25" hits="0"/>
						<line number="36" hits="0"/>
						<line number="38" hits="0" branch="true" condition-coverage="0% (0/2)" missing-branches="39,43"/>
						<line number="39" hits="0"/>
						<line number="40" hits="0"/>
						<line number="43" hits="0"/>
						<line number="46" hits="0"/>
						<line number="47" hits="0"/>
						<line number="49" hits="0"/>
						<line number="50" hits="0"/>
						<line number="51" hits="0"/>
						<line number="52" hits="0"/>
						<line number="54" hits="0"/>
						<line number="61" hits="0"/>
						<line number="62" hits="0"/>
						<line number="64" hits="0" branch="true" condition-coverage="0% (0/2)" missing-branches="65,78"/>
						<line number="65" hits="0"/>
						<line number="67" hits="0"/>
						<line number="68" hits="0"/>
						<line number="74" hits="0"/>
						<line number="75" hits="0"/>
						<line number="78" hits="0"/>
						<line number="79" hits="0"/>
						<line number="80" hits="0"/>
						<line number="81" hits="0"/>
						<line number="82" hits="0"/>
						<line number="84" hits="0"/>
						<line number="94" hits="0"/>
						<line number="95" hits="0"/>
						<line number="96" hits="0" branch="true" condition-coverage="0% (0/2)" missing-branches="97,99"/>
						<line number="97" hits="0"/>
						<line number="99" hits="0"/>
						<line number="100" hits="0"/>
						<line number="101" hits="0"/>
						<line number="102" hits="0"/>
						<line number="103" hits="0"/>
						<line number="105" hits="0"/>
						<line number="116" hits="0"/>
						<line number="118" hits="0"/>
						<line number="119" hits="0"/>
						<line number="122" hits="0"/>
						<line number="125" hits="0"/>
						<line number="126" hits="0"/>
						<line number="128" hits="0"/>
						<line number="129" hits="0"/>
						<line number="130" hits="0"/>
						<line number="131" hits="0"/>
						<line number="133" hits="0"/>
						<line number="143" hits="0"/>
						<line number="144" hits="0"/>
						<line number="145" hits="0"/>
						<line number="147" hits="0" branch="true" condition-coverage="0% (0/2)" missing-branches="148,150"/>
						<line number="148" hits="0"/>
						<line number="150" hits="0"/>
						<line number="151" hits="0"/>
						<line number="152" hits="0"/>
						<line number="153" hits="0"/>
						<line number="154" hits="0"/>
						<line number="156" hits="0"/>
						<line number="166" hits="0"/>
						<line number="167" hits="0"/>
						<line number="169" hits="0" branch="true" condition-coverage="0% (0/2)" missing-branches="171,176"/>
						<line number="171" hits="0"/>
						<line number="172" hits="0" branch="true" condition-coverage="0% (0/2)" missing-branches="173,179"/>
						<line number="173" hits="0"/>
						<line number="176" hits="0" branch="true" condition-coverage="0% (0/2)" missing-branches="177,179"/>
						<line number="177" hits="0"/>
						<line number="179" hits="0"/>
						<line number="180" hits="0"/>
						<line number="181" hits="0"/>
						<line number="182" hits="0"/>
						<line number="184" hits="0"/>
						<line number="191" hits="0"/>
						<line number="192" hits="0"/>
						<line number="193" hits="0"/>
						<line number="194" hits="0"/>
						<line number="195" hits="0"/>
					</lines>
				</class>
			</classes>
		</package>
	</packages>
</coverage>
